mode: set
github.com/go-park-mail-ru/2024_1_Netrunners/cmd/app/main.go:25.13,36.16 6 0
github.com/go-park-mail-ru/2024_1_Netrunners/cmd/app/main.go:36.16,38.3 1 0
github.com/go-park-mail-ru/2024_1_Netrunners/cmd/app/main.go:39.2,49.16 3 0
github.com/go-park-mail-ru/2024_1_Netrunners/cmd/app/main.go:49.16,51.3 1 0
github.com/go-park-mail-ru/2024_1_Netrunners/cmd/app/main.go:53.2,55.16 3 0
github.com/go-park-mail-ru/2024_1_Netrunners/cmd/app/main.go:55.16,57.3 1 0
github.com/go-park-mail-ru/2024_1_Netrunners/cmd/app/main.go:58.2,59.16 2 0
github.com/go-park-mail-ru/2024_1_Netrunners/cmd/app/main.go:59.16,61.3 1 0
github.com/go-park-mail-ru/2024_1_Netrunners/cmd/app/main.go:62.2,63.16 2 0
github.com/go-park-mail-ru/2024_1_Netrunners/cmd/app/main.go:63.16,65.3 1 0
github.com/go-park-mail-ru/2024_1_Netrunners/cmd/app/main.go:67.2,79.16 11 0
github.com/go-park-mail-ru/2024_1_Netrunners/cmd/app/main.go:79.16,81.3 1 0
github.com/go-park-mail-ru/2024_1_Netrunners/cmd/app/main.go:83.2,114.12 21 0
github.com/go-park-mail-ru/2024_1_Netrunners/cmd/app/main.go:114.12,121.46 7 0
github.com/go-park-mail-ru/2024_1_Netrunners/cmd/app/main.go:121.46,123.4 1 0
github.com/go-park-mail-ru/2024_1_Netrunners/cmd/app/main.go:126.2,128.65 2 0
github.com/go-park-mail-ru/2024_1_Netrunners/cmd/app/main.go:128.65,130.3 1 0
github.com/go-park-mail-ru/2024_1_Netrunners/cmd/app/main.go:132.2,134.31 2 0
github.com/go-park-mail-ru/2024_1_Netrunners/internal/errors/errors.go:8.41,10.9 2 0
github.com/go-park-mail-ru/2024_1_Netrunners/internal/errors/errors.go:18.33,19.15 1 0
github.com/go-park-mail-ru/2024_1_Netrunners/internal/errors/errors.go:26.38,27.15 1 0
github.com/go-park-mail-ru/2024_1_Netrunners/internal/errors/errors.go:29.37,30.15 1 0
github.com/go-park-mail-ru/2024_1_Netrunners/internal/errors/errors.go:31.10,33.49 2 0
github.com/go-park-mail-ru/2024_1_Netrunners/internal/errors/errors.go:36.2,37.39 2 0
github.com/go-park-mail-ru/2024_1_Netrunners/internal/errors/errors.go:37.39,39.3 1 0
github.com/go-park-mail-ru/2024_1_Netrunners/internal/errors/errors.go:41.2,41.27 1 0
github.com/go-park-mail-ru/2024_1_Netrunners/internal/middleware/middleware.go:24.81,30.2 1 0
github.com/go-park-mail-ru/2024_1_Netrunners/internal/middleware/middleware.go:32.86,33.71 1 0
github.com/go-park-mail-ru/2024_1_Netrunners/internal/middleware/middleware.go:33.71,40.28 5 0
github.com/go-park-mail-ru/2024_1_Netrunners/internal/middleware/middleware.go:40.28,43.4 2 0
github.com/go-park-mail-ru/2024_1_Netrunners/internal/middleware/middleware.go:45.3,45.23 1 0
github.com/go-park-mail-ru/2024_1_Netrunners/internal/middleware/middleware.go:49.87,50.71 1 0
github.com/go-park-mail-ru/2024_1_Netrunners/internal/middleware/middleware.go:50.71,51.16 1 0
github.com/go-park-mail-ru/2024_1_Netrunners/internal/middleware/middleware.go:51.16,52.36 1 0
github.com/go-park-mail-ru/2024_1_Netrunners/internal/middleware/middleware.go:52.36,55.19 3 0
github.com/go-park-mail-ru/2024_1_Netrunners/internal/middleware/middleware.go:55.19,57.6 1 0
github.com/go-park-mail-ru/2024_1_Netrunners/internal/middleware/middleware.go:61.3,61.23 1 0
github.com/go-park-mail-ru/2024_1_Netrunners/internal/middleware/middleware.go:65.86,66.54 1 0
github.com/go-park-mail-ru/2024_1_Netrunners/internal/middleware/middleware.go:66.54,70.3 1 0
github.com/go-park-mail-ru/2024_1_Netrunners/internal/middleware/middleware.go:73.83,74.71 1 0
github.com/go-park-mail-ru/2024_1_Netrunners/internal/middleware/middleware.go:74.71,84.3 8 0
github.com/go-park-mail-ru/2024_1_Netrunners/internal/requestId/requestId.go:14.33,16.19 2 0
github.com/go-park-mail-ru/2024_1_Netrunners/internal/requestId/requestId.go:16.19,18.3 1 0
github.com/go-park-mail-ru/2024_1_Netrunners/internal/requestId/requestId.go:20.2,20.18 1 0
github.com/go-park-mail-ru/2024_1_Netrunners/internal/requestId/requestId.go:23.53,28.2 3 0
github.com/go-park-mail-ru/2024_1_Netrunners/cmd/app/main.go:25.13,36.16 6 0
github.com/go-park-mail-ru/2024_1_Netrunners/cmd/app/main.go:36.16,38.3 1 0
github.com/go-park-mail-ru/2024_1_Netrunners/cmd/app/main.go:39.2,49.16 3 0
github.com/go-park-mail-ru/2024_1_Netrunners/cmd/app/main.go:49.16,51.3 1 0
github.com/go-park-mail-ru/2024_1_Netrunners/cmd/app/main.go:53.2,55.16 3 0
github.com/go-park-mail-ru/2024_1_Netrunners/cmd/app/main.go:55.16,57.3 1 0
github.com/go-park-mail-ru/2024_1_Netrunners/cmd/app/main.go:58.2,59.16 2 0
github.com/go-park-mail-ru/2024_1_Netrunners/cmd/app/main.go:59.16,61.3 1 0
github.com/go-park-mail-ru/2024_1_Netrunners/cmd/app/main.go:62.2,63.16 2 0
github.com/go-park-mail-ru/2024_1_Netrunners/cmd/app/main.go:63.16,65.3 1 0
github.com/go-park-mail-ru/2024_1_Netrunners/cmd/app/main.go:67.2,79.16 11 0
github.com/go-park-mail-ru/2024_1_Netrunners/cmd/app/main.go:79.16,81.3 1 0
github.com/go-park-mail-ru/2024_1_Netrunners/cmd/app/main.go:83.2,114.12 21 0
github.com/go-park-mail-ru/2024_1_Netrunners/cmd/app/main.go:114.12,121.46 7 0
github.com/go-park-mail-ru/2024_1_Netrunners/cmd/app/main.go:121.46,123.4 1 0
github.com/go-park-mail-ru/2024_1_Netrunners/cmd/app/main.go:126.2,128.65 2 0
github.com/go-park-mail-ru/2024_1_Netrunners/cmd/app/main.go:128.65,130.3 1 0
github.com/go-park-mail-ru/2024_1_Netrunners/cmd/app/main.go:132.2,134.31 2 0
github.com/go-park-mail-ru/2024_1_Netrunners/internal/errors/errors.go:8.41,10.9 2 0
github.com/go-park-mail-ru/2024_1_Netrunners/internal/errors/errors.go:18.33,19.15 1 0
github.com/go-park-mail-ru/2024_1_Netrunners/internal/errors/errors.go:26.38,27.15 1 0
github.com/go-park-mail-ru/2024_1_Netrunners/internal/errors/errors.go:29.37,30.15 1 0
github.com/go-park-mail-ru/2024_1_Netrunners/internal/errors/errors.go:31.10,33.49 2 0
github.com/go-park-mail-ru/2024_1_Netrunners/internal/errors/errors.go:36.2,37.39 2 0
github.com/go-park-mail-ru/2024_1_Netrunners/internal/errors/errors.go:37.39,39.3 1 0
github.com/go-park-mail-ru/2024_1_Netrunners/internal/errors/errors.go:41.2,41.27 1 0
github.com/go-park-mail-ru/2024_1_Netrunners/internal/handlers/actors.go:25.96,30.2 1 0
github.com/go-park-mail-ru/2024_1_Netrunners/internal/handlers/actors.go:37.94,43.16 5 0
github.com/go-park-mail-ru/2024_1_Netrunners/internal/handlers/actors.go:43.16,45.17 2 0
github.com/go-park-mail-ru/2024_1_Netrunners/internal/handlers/actors.go:45.17,47.4 1 0
github.com/go-park-mail-ru/2024_1_Netrunners/internal/handlers/actors.go:48.3,48.9 1 0
github.com/go-park-mail-ru/2024_1_Netrunners/internal/handlers/actors.go:51.2,53.35 2 0
github.com/go-park-mail-ru/2024_1_Netrunners/internal/handlers/actors.go:53.35,58.3 1 0
github.com/go-park-mail-ru/2024_1_Netrunners/internal/handlers/actors.go:60.2,79.16 4 0
github.com/go-park-mail-ru/2024_1_Netrunners/internal/handlers/actors.go:79.16,81.3 1 0
github.com/go-park-mail-ru/2024_1_Netrunners/internal/handlers/actors.go:83.2,85.16 3 0
github.com/go-park-mail-ru/2024_1_Netrunners/internal/handlers/actors.go:85.16,87.3 1 0
github.com/go-park-mail-ru/2024_1_Netrunners/internal/handlers/actors.go:95.95,101.16 5 0
github.com/go-park-mail-ru/2024_1_Netrunners/internal/handlers/actors.go:101.16,103.17 2 0
github.com/go-park-mail-ru/2024_1_Netrunners/internal/handlers/actors.go:103.17,105.4 1 0
github.com/go-park-mail-ru/2024_1_Netrunners/internal/handlers/actors.go:106.3,106.9 1 0
github.com/go-park-mail-ru/2024_1_Netrunners/internal/handlers/actors.go:109.2,115.16 3 0
github.com/go-park-mail-ru/2024_1_Netrunners/internal/handlers/actors.go:115.16,117.3 1 0
github.com/go-park-mail-ru/2024_1_Netrunners/internal/handlers/actors.go:119.2,121.16 3 0
github.com/go-park-mail-ru/2024_1_Netrunners/internal/handlers/actors.go:121.16,123.3 1 0
github.com/go-park-mail-ru/2024_1_Netrunners/internal/handlers/auth.go:54.47,60.2 1 0
github.com/go-park-mail-ru/2024_1_Netrunners/internal/handlers/auth.go:62.89,68.16 5 0
github.com/go-park-mail-ru/2024_1_Netrunners/internal/handlers/auth.go:68.16,70.17 2 0
github.com/go-park-mail-ru/2024_1_Netrunners/internal/handlers/auth.go:70.17,72.4 1 0
github.com/go-park-mail-ru/2024_1_Netrunners/internal/handlers/auth.go:73.3,73.9 1 0
github.com/go-park-mail-ru/2024_1_Netrunners/internal/handlers/auth.go:75.2,79.16 4 0
github.com/go-park-mail-ru/2024_1_Netrunners/internal/handlers/auth.go:79.16,81.17 2 0
github.com/go-park-mail-ru/2024_1_Netrunners/internal/handlers/auth.go:81.17,83.4 1 0
github.com/go-park-mail-ru/2024_1_Netrunners/internal/handlers/auth.go:84.3,84.9 1 0
github.com/go-park-mail-ru/2024_1_Netrunners/internal/handlers/auth.go:87.2,88.16 2 0
github.com/go-park-mail-ru/2024_1_Netrunners/internal/handlers/auth.go:88.16,90.17 2 0
github.com/go-park-mail-ru/2024_1_Netrunners/internal/handlers/auth.go:90.17,92.4 1 0
github.com/go-park-mail-ru/2024_1_Netrunners/internal/handlers/auth.go:93.3,93.9 1 0
github.com/go-park-mail-ru/2024_1_Netrunners/internal/handlers/auth.go:96.2,97.16 2 0
github.com/go-park-mail-ru/2024_1_Netrunners/internal/handlers/auth.go:97.16,99.17 2 0
github.com/go-park-mail-ru/2024_1_Netrunners/internal/handlers/auth.go:99.17,101.4 1 0
github.com/go-park-mail-ru/2024_1_Netrunners/internal/handlers/auth.go:102.3,102.9 1 0
github.com/go-park-mail-ru/2024_1_Netrunners/internal/handlers/auth.go:105.2,106.16 2 0
github.com/go-park-mail-ru/2024_1_Netrunners/internal/handlers/auth.go:106.16,108.17 2 0
github.com/go-park-mail-ru/2024_1_Netrunners/internal/handlers/auth.go:108.17,110.4 1 0
github.com/go-park-mail-ru/2024_1_Netrunners/internal/handlers/auth.go:111.3,111.9 1 0
github.com/go-park-mail-ru/2024_1_Netrunners/internal/handlers/auth.go:114.2,115.16 2 0
github.com/go-park-mail-ru/2024_1_Netrunners/internal/handlers/auth.go:115.16,117.17 2 0
github.com/go-park-mail-ru/2024_1_Netrunners/internal/handlers/auth.go:117.17,119.4 1 0
github.com/go-park-mail-ru/2024_1_Netrunners/internal/handlers/auth.go:120.3,120.9 1 0
github.com/go-park-mail-ru/2024_1_Netrunners/internal/handlers/auth.go:123.2,124.16 2 0
github.com/go-park-mail-ru/2024_1_Netrunners/internal/handlers/auth.go:124.16,126.17 2 0
github.com/go-park-mail-ru/2024_1_Netrunners/internal/handlers/auth.go:126.17,128.4 1 0
github.com/go-park-mail-ru/2024_1_Netrunners/internal/handlers/auth.go:130.3,130.9 1 0
github.com/go-park-mail-ru/2024_1_Netrunners/internal/handlers/auth.go:133.2,154.16 6 0
github.com/go-park-mail-ru/2024_1_Netrunners/internal/handlers/auth.go:154.16,156.3 1 0
github.com/go-park-mail-ru/2024_1_Netrunners/internal/handlers/auth.go:158.2,158.82 1 0
github.com/go-park-mail-ru/2024_1_Netrunners/internal/handlers/auth.go:161.90,166.16 4 0
github.com/go-park-mail-ru/2024_1_Netrunners/internal/handlers/auth.go:166.16,168.17 2 0
github.com/go-park-mail-ru/2024_1_Netrunners/internal/handlers/auth.go:168.17,170.4 1 0
github.com/go-park-mail-ru/2024_1_Netrunners/internal/handlers/auth.go:171.3,171.9 1 0
github.com/go-park-mail-ru/2024_1_Netrunners/internal/handlers/auth.go:174.2,175.16 2 0
github.com/go-park-mail-ru/2024_1_Netrunners/internal/handlers/auth.go:175.16,177.17 2 0
github.com/go-park-mail-ru/2024_1_Netrunners/internal/handlers/auth.go:177.17,179.4 1 0
github.com/go-park-mail-ru/2024_1_Netrunners/internal/handlers/auth.go:180.3,180.9 1 0
github.com/go-park-mail-ru/2024_1_Netrunners/internal/handlers/auth.go:183.2,184.16 2 0
github.com/go-park-mail-ru/2024_1_Netrunners/internal/handlers/auth.go:184.16,186.17 2 0
github.com/go-park-mail-ru/2024_1_Netrunners/internal/handlers/auth.go:186.17,188.4 1 0
github.com/go-park-mail-ru/2024_1_Netrunners/internal/handlers/auth.go:189.3,189.9 1 0
github.com/go-park-mail-ru/2024_1_Netrunners/internal/handlers/auth.go:192.2,204.16 4 0
github.com/go-park-mail-ru/2024_1_Netrunners/internal/handlers/auth.go:204.16,206.3 1 0
github.com/go-park-mail-ru/2024_1_Netrunners/internal/handlers/auth.go:208.2,209.16 2 0
github.com/go-park-mail-ru/2024_1_Netrunners/internal/handlers/auth.go:209.16,211.3 1 0
github.com/go-park-mail-ru/2024_1_Netrunners/internal/handlers/auth.go:214.90,220.16 5 0
github.com/go-park-mail-ru/2024_1_Netrunners/internal/handlers/auth.go:220.16,222.17 2 0
github.com/go-park-mail-ru/2024_1_Netrunners/internal/handlers/auth.go:222.17,224.4 1 0
github.com/go-park-mail-ru/2024_1_Netrunners/internal/handlers/auth.go:225.3,225.9 1 0
github.com/go-park-mail-ru/2024_1_Netrunners/internal/handlers/auth.go:228.2,233.16 5 0
github.com/go-park-mail-ru/2024_1_Netrunners/internal/handlers/auth.go:233.16,235.17 2 0
github.com/go-park-mail-ru/2024_1_Netrunners/internal/handlers/auth.go:235.17,237.4 1 0
github.com/go-park-mail-ru/2024_1_Netrunners/internal/handlers/auth.go:238.3,238.9 1 0
github.com/go-park-mail-ru/2024_1_Netrunners/internal/handlers/auth.go:241.2,242.16 2 0
github.com/go-park-mail-ru/2024_1_Netrunners/internal/handlers/auth.go:242.16,244.17 2 0
github.com/go-park-mail-ru/2024_1_Netrunners/internal/handlers/auth.go:244.17,246.4 1 0
github.com/go-park-mail-ru/2024_1_Netrunners/internal/handlers/auth.go:247.3,247.9 1 0
github.com/go-park-mail-ru/2024_1_Netrunners/internal/handlers/auth.go:250.2,251.16 2 0
github.com/go-park-mail-ru/2024_1_Netrunners/internal/handlers/auth.go:251.16,253.17 2 0
github.com/go-park-mail-ru/2024_1_Netrunners/internal/handlers/auth.go:253.17,255.4 1 0
github.com/go-park-mail-ru/2024_1_Netrunners/internal/handlers/auth.go:256.3,256.9 1 0
github.com/go-park-mail-ru/2024_1_Netrunners/internal/handlers/auth.go:259.2,268.16 4 0
github.com/go-park-mail-ru/2024_1_Netrunners/internal/handlers/auth.go:268.16,270.17 2 0
github.com/go-park-mail-ru/2024_1_Netrunners/internal/handlers/auth.go:270.17,272.4 1 0
github.com/go-park-mail-ru/2024_1_Netrunners/internal/handlers/auth.go:273.3,273.9 1 0
github.com/go-park-mail-ru/2024_1_Netrunners/internal/handlers/auth.go:276.2,277.16 2 0
github.com/go-park-mail-ru/2024_1_Netrunners/internal/handlers/auth.go:277.16,279.17 2 0
github.com/go-park-mail-ru/2024_1_Netrunners/internal/handlers/auth.go:279.17,281.4 1 0
github.com/go-park-mail-ru/2024_1_Netrunners/internal/handlers/auth.go:282.3,282.9 1 0
github.com/go-park-mail-ru/2024_1_Netrunners/internal/handlers/auth.go:285.2,286.16 2 0
github.com/go-park-mail-ru/2024_1_Netrunners/internal/handlers/auth.go:286.16,288.17 2 0
github.com/go-park-mail-ru/2024_1_Netrunners/internal/handlers/auth.go:288.17,290.4 1 0
github.com/go-park-mail-ru/2024_1_Netrunners/internal/handlers/auth.go:291.3,291.9 1 0
github.com/go-park-mail-ru/2024_1_Netrunners/internal/handlers/auth.go:294.2,295.16 2 0
github.com/go-park-mail-ru/2024_1_Netrunners/internal/handlers/auth.go:295.16,297.17 2 0
github.com/go-park-mail-ru/2024_1_Netrunners/internal/handlers/auth.go:297.17,299.4 1 0
github.com/go-park-mail-ru/2024_1_Netrunners/internal/handlers/auth.go:300.3,300.9 1 0
github.com/go-park-mail-ru/2024_1_Netrunners/internal/handlers/auth.go:303.2,325.16 6 0
github.com/go-park-mail-ru/2024_1_Netrunners/internal/handlers/auth.go:325.16,327.3 1 0
github.com/go-park-mail-ru/2024_1_Netrunners/internal/handlers/auth.go:330.89,335.16 4 0
github.com/go-park-mail-ru/2024_1_Netrunners/internal/handlers/auth.go:335.16,337.17 2 0
github.com/go-park-mail-ru/2024_1_Netrunners/internal/handlers/auth.go:337.17,339.4 1 0
github.com/go-park-mail-ru/2024_1_Netrunners/internal/handlers/auth.go:340.3,340.9 1 0
github.com/go-park-mail-ru/2024_1_Netrunners/internal/handlers/auth.go:343.2,344.16 2 0
github.com/go-park-mail-ru/2024_1_Netrunners/internal/handlers/auth.go:344.16,346.17 2 0
github.com/go-park-mail-ru/2024_1_Netrunners/internal/handlers/auth.go:346.17,348.4 1 0
github.com/go-park-mail-ru/2024_1_Netrunners/internal/handlers/auth.go:349.3,349.9 1 0
github.com/go-park-mail-ru/2024_1_Netrunners/internal/handlers/auth.go:352.2,353.16 2 0
github.com/go-park-mail-ru/2024_1_Netrunners/internal/handlers/auth.go:353.16,355.17 2 0
github.com/go-park-mail-ru/2024_1_Netrunners/internal/handlers/auth.go:355.17,357.4 1 0
github.com/go-park-mail-ru/2024_1_Netrunners/internal/handlers/auth.go:358.3,358.9 1 0
github.com/go-park-mail-ru/2024_1_Netrunners/internal/handlers/auth.go:361.2,365.16 2 0
github.com/go-park-mail-ru/2024_1_Netrunners/internal/handlers/auth.go:365.16,367.17 2 0
github.com/go-park-mail-ru/2024_1_Netrunners/internal/handlers/auth.go:367.17,369.4 1 0
github.com/go-park-mail-ru/2024_1_Netrunners/internal/handlers/auth.go:370.3,370.9 1 0
github.com/go-park-mail-ru/2024_1_Netrunners/internal/handlers/auth.go:373.2,375.16 2 0
github.com/go-park-mail-ru/2024_1_Netrunners/internal/handlers/auth.go:375.16,377.17 2 0
github.com/go-park-mail-ru/2024_1_Netrunners/internal/handlers/auth.go:377.17,379.4 1 0
github.com/go-park-mail-ru/2024_1_Netrunners/internal/handlers/auth.go:380.3,380.9 1 0
github.com/go-park-mail-ru/2024_1_Netrunners/internal/handlers/auth.go:383.2,393.16 4 0
github.com/go-park-mail-ru/2024_1_Netrunners/internal/handlers/auth.go:393.16,395.3 1 0
github.com/go-park-mail-ru/2024_1_Netrunners/internal/handlers/films.go:31.100,36.2 1 0
github.com/go-park-mail-ru/2024_1_Netrunners/internal/handlers/films.go:43.105,48.16 4 0
github.com/go-park-mail-ru/2024_1_Netrunners/internal/handlers/films.go:48.16,50.17 2 0
github.com/go-park-mail-ru/2024_1_Netrunners/internal/handlers/films.go:50.17,52.4 1 0
github.com/go-park-mail-ru/2024_1_Netrunners/internal/handlers/films.go:55.2,55.29 1 0
github.com/go-park-mail-ru/2024_1_Netrunners/internal/handlers/films.go:55.29,57.3 1 0
github.com/go-park-mail-ru/2024_1_Netrunners/internal/handlers/films.go:59.2,65.16 3 0
github.com/go-park-mail-ru/2024_1_Netrunners/internal/handlers/films.go:65.16,67.3 1 0
github.com/go-park-mail-ru/2024_1_Netrunners/internal/handlers/films.go:69.2,71.16 3 0
github.com/go-park-mail-ru/2024_1_Netrunners/internal/handlers/films.go:71.16,73.3 1 0
github.com/go-park-mail-ru/2024_1_Netrunners/internal/handlers/films.go:81.103,87.16 5 0
github.com/go-park-mail-ru/2024_1_Netrunners/internal/handlers/films.go:87.16,89.17 2 0
github.com/go-park-mail-ru/2024_1_Netrunners/internal/handlers/films.go:89.17,91.4 1 0
github.com/go-park-mail-ru/2024_1_Netrunners/internal/handlers/films.go:92.3,92.9 1 0
github.com/go-park-mail-ru/2024_1_Netrunners/internal/handlers/films.go:95.2,103.16 4 0
github.com/go-park-mail-ru/2024_1_Netrunners/internal/handlers/films.go:103.16,105.17 2 0
github.com/go-park-mail-ru/2024_1_Netrunners/internal/handlers/films.go:105.17,107.4 1 0
github.com/go-park-mail-ru/2024_1_Netrunners/internal/handlers/films.go:108.3,108.9 1 0
github.com/go-park-mail-ru/2024_1_Netrunners/internal/handlers/films.go:111.2,113.16 3 0
github.com/go-park-mail-ru/2024_1_Netrunners/internal/handlers/films.go:113.16,115.17 2 0
github.com/go-park-mail-ru/2024_1_Netrunners/internal/handlers/films.go:115.17,117.4 1 0
github.com/go-park-mail-ru/2024_1_Netrunners/internal/handlers/films.go:118.3,118.9 1 0
github.com/go-park-mail-ru/2024_1_Netrunners/internal/handlers/films.go:127.104,133.16 5 0
github.com/go-park-mail-ru/2024_1_Netrunners/internal/handlers/films.go:133.16,135.17 2 0
github.com/go-park-mail-ru/2024_1_Netrunners/internal/handlers/films.go:135.17,137.4 1 0
github.com/go-park-mail-ru/2024_1_Netrunners/internal/handlers/films.go:138.3,138.9 1 0
github.com/go-park-mail-ru/2024_1_Netrunners/internal/handlers/films.go:141.2,141.35 1 0
github.com/go-park-mail-ru/2024_1_Netrunners/internal/handlers/films.go:141.35,143.3 1 0
github.com/go-park-mail-ru/2024_1_Netrunners/internal/handlers/films.go:145.2,151.16 3 0
github.com/go-park-mail-ru/2024_1_Netrunners/internal/handlers/films.go:151.16,153.17 2 0
github.com/go-park-mail-ru/2024_1_Netrunners/internal/handlers/films.go:153.17,155.4 1 0
github.com/go-park-mail-ru/2024_1_Netrunners/internal/handlers/films.go:156.3,156.9 1 0
github.com/go-park-mail-ru/2024_1_Netrunners/internal/handlers/films.go:159.2,161.16 3 0
github.com/go-park-mail-ru/2024_1_Netrunners/internal/handlers/films.go:161.16,163.17 2 0
github.com/go-park-mail-ru/2024_1_Netrunners/internal/handlers/films.go:163.17,165.4 1 0
github.com/go-park-mail-ru/2024_1_Netrunners/internal/handlers/films.go:166.3,166.9 1 0
github.com/go-park-mail-ru/2024_1_Netrunners/internal/handlers/films.go:176.102,182.16 5 0
github.com/go-park-mail-ru/2024_1_Netrunners/internal/handlers/films.go:182.16,184.17 2 0
github.com/go-park-mail-ru/2024_1_Netrunners/internal/handlers/films.go:184.17,186.4 1 0
github.com/go-park-mail-ru/2024_1_Netrunners/internal/handlers/films.go:188.3,188.9 1 0
github.com/go-park-mail-ru/2024_1_Netrunners/internal/handlers/films.go:191.2,191.31 1 0
github.com/go-park-mail-ru/2024_1_Netrunners/internal/handlers/films.go:191.31,193.3 1 0
github.com/go-park-mail-ru/2024_1_Netrunners/internal/handlers/films.go:195.2,201.16 3 0
github.com/go-park-mail-ru/2024_1_Netrunners/internal/handlers/films.go:201.16,203.17 2 0
github.com/go-park-mail-ru/2024_1_Netrunners/internal/handlers/films.go:203.17,205.4 1 0
github.com/go-park-mail-ru/2024_1_Netrunners/internal/handlers/films.go:206.3,206.9 1 0
github.com/go-park-mail-ru/2024_1_Netrunners/internal/handlers/films.go:209.2,211.16 3 0
github.com/go-park-mail-ru/2024_1_Netrunners/internal/handlers/films.go:211.16,213.17 2 0
github.com/go-park-mail-ru/2024_1_Netrunners/internal/handlers/films.go:213.17,215.4 1 0
github.com/go-park-mail-ru/2024_1_Netrunners/internal/handlers/films.go:216.3,216.9 1 0
github.com/go-park-mail-ru/2024_1_Netrunners/internal/handlers/films.go:220.93,226.16 5 0
github.com/go-park-mail-ru/2024_1_Netrunners/internal/handlers/films.go:226.16,228.17 2 0
github.com/go-park-mail-ru/2024_1_Netrunners/internal/handlers/films.go:228.17,230.4 1 0
github.com/go-park-mail-ru/2024_1_Netrunners/internal/handlers/films.go:231.3,231.9 1 0
github.com/go-park-mail-ru/2024_1_Netrunners/internal/handlers/films.go:234.2,235.16 2 0
github.com/go-park-mail-ru/2024_1_Netrunners/internal/handlers/films.go:235.16,237.17 2 0
github.com/go-park-mail-ru/2024_1_Netrunners/internal/handlers/films.go:237.17,239.4 1 0
github.com/go-park-mail-ru/2024_1_Netrunners/internal/handlers/films.go:240.3,240.9 1 0
github.com/go-park-mail-ru/2024_1_Netrunners/internal/handlers/films.go:243.2,244.16 2 0
github.com/go-park-mail-ru/2024_1_Netrunners/internal/handlers/films.go:244.16,246.3 1 0
github.com/go-park-mail-ru/2024_1_Netrunners/internal/handlers/films.go:248.2,248.93 1 0
github.com/go-park-mail-ru/2024_1_Netrunners/internal/handlers/helper.go:22.48,28.16 3 0
github.com/go-park-mail-ru/2024_1_Netrunners/internal/handlers/helper.go:28.16,30.3 1 0
github.com/go-park-mail-ru/2024_1_Netrunners/internal/handlers/helper.go:32.2,34.16 3 0
github.com/go-park-mail-ru/2024_1_Netrunners/internal/handlers/helper.go:34.16,36.3 1 0
github.com/go-park-mail-ru/2024_1_Netrunners/internal/handlers/helper.go:38.2,38.12 1 0
github.com/go-park-mail-ru/2024_1_Netrunners/internal/handlers/helper.go:41.57,52.16 6 0
github.com/go-park-mail-ru/2024_1_Netrunners/internal/handlers/helper.go:52.16,54.3 1 0
github.com/go-park-mail-ru/2024_1_Netrunners/internal/handlers/helper.go:56.2,59.16 4 0
github.com/go-park-mail-ru/2024_1_Netrunners/internal/handlers/helper.go:59.16,61.3 1 0
github.com/go-park-mail-ru/2024_1_Netrunners/internal/handlers/helper.go:63.2,63.12 1 0
github.com/go-park-mail-ru/2024_1_Netrunners/internal/handlers/helper.go:66.40,71.2 4 0
github.com/go-park-mail-ru/2024_1_Netrunners/internal/handlers/helper.go:73.61,76.2 2 0
github.com/go-park-mail-ru/2024_1_Netrunners/internal/handlers/helper.go:78.47,85.2 6 0
github.com/go-park-mail-ru/2024_1_Netrunners/internal/handlers/helper.go:87.48,92.2 4 0
github.com/go-park-mail-ru/2024_1_Netrunners/internal/handlers/helper.go:94.53,97.2 2 0
github.com/go-park-mail-ru/2024_1_Netrunners/internal/handlers/helper.go:99.50,103.2 3 0
github.com/go-park-mail-ru/2024_1_Netrunners/internal/handlers/helper.go:105.45,108.2 2 0
github.com/go-park-mail-ru/2024_1_Netrunners/internal/handlers/users.go:26.47,32.2 1 0
github.com/go-park-mail-ru/2024_1_Netrunners/internal/handlers/users.go:39.98,45.16 5 0
github.com/go-park-mail-ru/2024_1_Netrunners/internal/handlers/users.go:45.16,47.17 2 0
github.com/go-park-mail-ru/2024_1_Netrunners/internal/handlers/users.go:47.17,49.4 1 0
github.com/go-park-mail-ru/2024_1_Netrunners/internal/handlers/users.go:50.3,50.9 1 0
github.com/go-park-mail-ru/2024_1_Netrunners/internal/handlers/users.go:53.2,60.16 4 0
github.com/go-park-mail-ru/2024_1_Netrunners/internal/handlers/users.go:60.16,62.17 2 0
github.com/go-park-mail-ru/2024_1_Netrunners/internal/handlers/users.go:62.17,64.4 1 0
github.com/go-park-mail-ru/2024_1_Netrunners/internal/handlers/users.go:65.3,65.9 1 0
github.com/go-park-mail-ru/2024_1_Netrunners/internal/handlers/users.go:68.2,70.16 3 0
github.com/go-park-mail-ru/2024_1_Netrunners/internal/handlers/users.go:70.16,72.17 2 0
github.com/go-park-mail-ru/2024_1_Netrunners/internal/handlers/users.go:72.17,74.4 1 0
github.com/go-park-mail-ru/2024_1_Netrunners/internal/handlers/users.go:75.3,75.9 1 0
github.com/go-park-mail-ru/2024_1_Netrunners/internal/handlers/users.go:84.101,90.16 5 0
github.com/go-park-mail-ru/2024_1_Netrunners/internal/handlers/users.go:90.16,92.17 2 0
github.com/go-park-mail-ru/2024_1_Netrunners/internal/handlers/users.go:92.17,94.4 1 0
github.com/go-park-mail-ru/2024_1_Netrunners/internal/handlers/users.go:95.3,95.9 1 0
github.com/go-park-mail-ru/2024_1_Netrunners/internal/handlers/users.go:98.2,100.16 3 0
github.com/go-park-mail-ru/2024_1_Netrunners/internal/handlers/users.go:100.16,102.17 2 0
github.com/go-park-mail-ru/2024_1_Netrunners/internal/handlers/users.go:102.17,104.4 1 0
github.com/go-park-mail-ru/2024_1_Netrunners/internal/handlers/users.go:105.3,105.9 1 0
github.com/go-park-mail-ru/2024_1_Netrunners/internal/handlers/users.go:108.2,116.16 4 0
github.com/go-park-mail-ru/2024_1_Netrunners/internal/handlers/users.go:116.16,118.17 2 0
github.com/go-park-mail-ru/2024_1_Netrunners/internal/handlers/users.go:118.17,120.4 1 0
github.com/go-park-mail-ru/2024_1_Netrunners/internal/handlers/users.go:121.3,121.9 1 0
github.com/go-park-mail-ru/2024_1_Netrunners/internal/handlers/users.go:124.2,126.16 3 0
github.com/go-park-mail-ru/2024_1_Netrunners/internal/handlers/users.go:126.16,128.17 2 0
github.com/go-park-mail-ru/2024_1_Netrunners/internal/handlers/users.go:128.17,130.4 1 0
github.com/go-park-mail-ru/2024_1_Netrunners/internal/handlers/users.go:131.3,131.9 1 0
github.com/go-park-mail-ru/2024_1_Netrunners/internal/handlers/users.go:140.101,145.16 4 0
github.com/go-park-mail-ru/2024_1_Netrunners/internal/handlers/users.go:145.16,147.17 2 0
github.com/go-park-mail-ru/2024_1_Netrunners/internal/handlers/users.go:147.17,149.4 1 0
github.com/go-park-mail-ru/2024_1_Netrunners/internal/handlers/users.go:150.3,150.9 1 0
github.com/go-park-mail-ru/2024_1_Netrunners/internal/handlers/users.go:153.2,154.16 2 0
github.com/go-park-mail-ru/2024_1_Netrunners/internal/handlers/users.go:154.16,156.17 2 0
github.com/go-park-mail-ru/2024_1_Netrunners/internal/handlers/users.go:156.17,158.4 1 0
github.com/go-park-mail-ru/2024_1_Netrunners/internal/handlers/users.go:159.3,159.9 1 0
github.com/go-park-mail-ru/2024_1_Netrunners/internal/handlers/users.go:162.2,164.16 3 0
github.com/go-park-mail-ru/2024_1_Netrunners/internal/handlers/users.go:164.16,166.17 2 0
github.com/go-park-mail-ru/2024_1_Netrunners/internal/handlers/users.go:166.17,168.4 1 0
github.com/go-park-mail-ru/2024_1_Netrunners/internal/handlers/users.go:169.3,169.9 1 0
github.com/go-park-mail-ru/2024_1_Netrunners/internal/handlers/users.go:172.2,174.16 3 0
github.com/go-park-mail-ru/2024_1_Netrunners/internal/handlers/users.go:174.16,176.17 2 0
github.com/go-park-mail-ru/2024_1_Netrunners/internal/handlers/users.go:176.17,178.4 1 0
github.com/go-park-mail-ru/2024_1_Netrunners/internal/handlers/users.go:181.2,182.9 2 0
github.com/go-park-mail-ru/2024_1_Netrunners/internal/handlers/users.go:183.35,185.17 2 0
github.com/go-park-mail-ru/2024_1_Netrunners/internal/handlers/users.go:185.17,187.18 2 0
github.com/go-park-mail-ru/2024_1_Netrunners/internal/handlers/users.go:187.18,189.5 1 0
github.com/go-park-mail-ru/2024_1_Netrunners/internal/handlers/users.go:190.4,190.10 1 0
github.com/go-park-mail-ru/2024_1_Netrunners/internal/handlers/users.go:193.3,194.17 2 0
github.com/go-park-mail-ru/2024_1_Netrunners/internal/handlers/users.go:194.17,196.18 2 0
github.com/go-park-mail-ru/2024_1_Netrunners/internal/handlers/users.go:196.18,198.5 1 0
github.com/go-park-mail-ru/2024_1_Netrunners/internal/handlers/users.go:199.4,199.10 1 0
github.com/go-park-mail-ru/2024_1_Netrunners/internal/handlers/users.go:202.35,204.17 2 0
github.com/go-park-mail-ru/2024_1_Netrunners/internal/handlers/users.go:204.17,206.18 2 0
github.com/go-park-mail-ru/2024_1_Netrunners/internal/handlers/users.go:206.18,208.5 1 0
github.com/go-park-mail-ru/2024_1_Netrunners/internal/handlers/users.go:209.4,209.10 1 0
github.com/go-park-mail-ru/2024_1_Netrunners/internal/handlers/users.go:212.3,213.17 2 0
github.com/go-park-mail-ru/2024_1_Netrunners/internal/handlers/users.go:213.17,215.18 2 0
github.com/go-park-mail-ru/2024_1_Netrunners/internal/handlers/users.go:215.18,217.5 1 0
github.com/go-park-mail-ru/2024_1_Netrunners/internal/handlers/users.go:218.4,218.10 1 0
github.com/go-park-mail-ru/2024_1_Netrunners/internal/handlers/users.go:220.33,222.17 2 0
github.com/go-park-mail-ru/2024_1_Netrunners/internal/handlers/users.go:222.17,224.18 2 0
github.com/go-park-mail-ru/2024_1_Netrunners/internal/handlers/users.go:224.18,226.5 1 0
github.com/go-park-mail-ru/2024_1_Netrunners/internal/handlers/users.go:227.4,227.10 1 0
github.com/go-park-mail-ru/2024_1_Netrunners/internal/handlers/users.go:230.3,230.30 1 0
github.com/go-park-mail-ru/2024_1_Netrunners/internal/handlers/users.go:230.30,232.18 2 0
github.com/go-park-mail-ru/2024_1_Netrunners/internal/handlers/users.go:232.18,234.19 2 0
github.com/go-park-mail-ru/2024_1_Netrunners/internal/handlers/users.go:234.19,236.6 1 0
github.com/go-park-mail-ru/2024_1_Netrunners/internal/handlers/users.go:237.5,237.11 1 0
github.com/go-park-mail-ru/2024_1_Netrunners/internal/handlers/users.go:239.4,242.18 3 0
github.com/go-park-mail-ru/2024_1_Netrunners/internal/handlers/users.go:242.18,244.19 2 0
github.com/go-park-mail-ru/2024_1_Netrunners/internal/handlers/users.go:244.19,246.6 1 0
github.com/go-park-mail-ru/2024_1_Netrunners/internal/handlers/users.go:247.5,247.11 1 0
github.com/go-park-mail-ru/2024_1_Netrunners/internal/handlers/users.go:249.4,252.18 3 0
github.com/go-park-mail-ru/2024_1_Netrunners/internal/handlers/users.go:252.18,254.19 2 0
github.com/go-park-mail-ru/2024_1_Netrunners/internal/handlers/users.go:254.19,256.6 1 0
github.com/go-park-mail-ru/2024_1_Netrunners/internal/handlers/users.go:257.5,257.11 1 0
github.com/go-park-mail-ru/2024_1_Netrunners/internal/handlers/users.go:260.4,260.47 1 0
github.com/go-park-mail-ru/2024_1_Netrunners/internal/handlers/users.go:260.47,262.19 2 0
github.com/go-park-mail-ru/2024_1_Netrunners/internal/handlers/users.go:262.19,264.6 1 0
github.com/go-park-mail-ru/2024_1_Netrunners/internal/handlers/users.go:265.5,265.11 1 0
github.com/go-park-mail-ru/2024_1_Netrunners/internal/handlers/users.go:268.4,268.90 1 0
github.com/go-park-mail-ru/2024_1_Netrunners/internal/handlers/users.go:272.2,275.16 3 0
github.com/go-park-mail-ru/2024_1_Netrunners/internal/handlers/users.go:275.16,277.17 2 0
github.com/go-park-mail-ru/2024_1_Netrunners/internal/handlers/users.go:277.17,279.4 1 0
github.com/go-park-mail-ru/2024_1_Netrunners/internal/handlers/users.go:280.3,280.9 1 0
github.com/go-park-mail-ru/2024_1_Netrunners/internal/handlers/users.go:283.2,284.16 2 0
github.com/go-park-mail-ru/2024_1_Netrunners/internal/handlers/users.go:284.16,286.17 2 0
github.com/go-park-mail-ru/2024_1_Netrunners/internal/handlers/users.go:286.17,288.4 1 0
github.com/go-park-mail-ru/2024_1_Netrunners/internal/handlers/users.go:289.3,289.9 1 0
github.com/go-park-mail-ru/2024_1_Netrunners/internal/handlers/users.go:292.2,304.16 4 0
github.com/go-park-mail-ru/2024_1_Netrunners/internal/handlers/users.go:304.16,306.3 1 0
github.com/go-park-mail-ru/2024_1_Netrunners/internal/middleware/middleware.go:24.81,30.2 1 0
github.com/go-park-mail-ru/2024_1_Netrunners/internal/middleware/middleware.go:32.86,33.71 1 0
github.com/go-park-mail-ru/2024_1_Netrunners/internal/middleware/middleware.go:33.71,40.28 5 0
github.com/go-park-mail-ru/2024_1_Netrunners/internal/middleware/middleware.go:40.28,43.4 2 0
github.com/go-park-mail-ru/2024_1_Netrunners/internal/middleware/middleware.go:45.3,45.23 1 0
github.com/go-park-mail-ru/2024_1_Netrunners/internal/middleware/middleware.go:49.87,50.71 1 0
github.com/go-park-mail-ru/2024_1_Netrunners/internal/middleware/middleware.go:50.71,51.16 1 0
github.com/go-park-mail-ru/2024_1_Netrunners/internal/middleware/middleware.go:51.16,52.36 1 0
github.com/go-park-mail-ru/2024_1_Netrunners/internal/middleware/middleware.go:52.36,55.19 3 0
github.com/go-park-mail-ru/2024_1_Netrunners/internal/middleware/middleware.go:55.19,57.6 1 0
github.com/go-park-mail-ru/2024_1_Netrunners/internal/middleware/middleware.go:61.3,61.23 1 0
github.com/go-park-mail-ru/2024_1_Netrunners/internal/middleware/middleware.go:65.86,66.54 1 0
github.com/go-park-mail-ru/2024_1_Netrunners/internal/middleware/middleware.go:66.54,70.3 1 0
github.com/go-park-mail-ru/2024_1_Netrunners/internal/middleware/middleware.go:73.83,74.71 1 0
github.com/go-park-mail-ru/2024_1_Netrunners/internal/middleware/middleware.go:74.71,84.3 8 0
github.com/go-park-mail-ru/2024_1_Netrunners/internal/repository/cache/cache.go:19.42,23.2 1 1
github.com/go-park-mail-ru/2024_1_Netrunners/internal/repository/cache/cache.go:25.98,27.14 2 1
github.com/go-park-mail-ru/2024_1_Netrunners/internal/repository/cache/cache.go:27.14,32.3 4 1
github.com/go-park-mail-ru/2024_1_Netrunners/internal/repository/cache/cache.go:33.2,33.71 1 1
github.com/go-park-mail-ru/2024_1_Netrunners/internal/repository/cache/cache.go:33.71,36.3 1 1
github.com/go-park-mail-ru/2024_1_Netrunners/internal/repository/cache/cache.go:37.2,41.12 4 0
github.com/go-park-mail-ru/2024_1_Netrunners/internal/repository/cache/cache.go:44.93,45.85 1 1
github.com/go-park-mail-ru/2024_1_Netrunners/internal/repository/cache/cache.go:45.85,46.81 1 1
github.com/go-park-mail-ru/2024_1_Netrunners/internal/repository/cache/cache.go:46.81,49.4 2 1
github.com/go-park-mail-ru/2024_1_Netrunners/internal/repository/cache/cache.go:50.3,50.45 1 1
github.com/go-park-mail-ru/2024_1_Netrunners/internal/repository/cache/cache.go:52.2,52.41 1 0
github.com/go-park-mail-ru/2024_1_Netrunners/internal/repository/cache/cache.go:55.86,56.85 1 1
github.com/go-park-mail-ru/2024_1_Netrunners/internal/repository/cache/cache.go:56.85,57.81 1 1
github.com/go-park-mail-ru/2024_1_Netrunners/internal/repository/cache/cache.go:57.81,58.69 1 1
github.com/go-park-mail-ru/2024_1_Netrunners/internal/repository/cache/cache.go:58.69,60.5 1 1
github.com/go-park-mail-ru/2024_1_Netrunners/internal/repository/cache/cache.go:61.4,62.14 2 1
github.com/go-park-mail-ru/2024_1_Netrunners/internal/repository/cache/cache.go:64.3,64.45 1 0
github.com/go-park-mail-ru/2024_1_Netrunners/internal/repository/cache/cache.go:66.2,66.41 1 0
github.com/go-park-mail-ru/2024_1_Netrunners/internal/repository/cache/cache.go:70.51,71.85 1 1
github.com/go-park-mail-ru/2024_1_Netrunners/internal/repository/cache/cache.go:71.85,72.68 1 1
github.com/go-park-mail-ru/2024_1_Netrunners/internal/repository/cache/cache.go:72.68,74.4 1 1
github.com/go-park-mail-ru/2024_1_Netrunners/internal/repository/cache/cache.go:75.3,75.48 1 1
github.com/go-park-mail-ru/2024_1_Netrunners/internal/repository/cache/cache.go:77.2,77.48 1 1
github.com/go-park-mail-ru/2024_1_Netrunners/internal/repository/cache/cache.go:80.84,81.85 1 1
github.com/go-park-mail-ru/2024_1_Netrunners/internal/repository/cache/cache.go:81.85,82.81 1 1
github.com/go-park-mail-ru/2024_1_Netrunners/internal/repository/cache/cache.go:82.81,84.4 1 1
github.com/go-park-mail-ru/2024_1_Netrunners/internal/repository/cache/cache.go:86.2,86.31 1 1
github.com/go-park-mail-ru/2024_1_Netrunners/internal/repository/cache/cache.go:89.105,90.85 1 1
github.com/go-park-mail-ru/2024_1_Netrunners/internal/repository/cache/cache.go:90.85,92.3 1 1
github.com/go-park-mail-ru/2024_1_Netrunners/internal/repository/cache/cache.go:93.2,93.44 1 0
github.com/go-park-mail-ru/2024_1_Netrunners/internal/repository/cache/cache.go:96.85,97.85 1 1
github.com/go-park-mail-ru/2024_1_Netrunners/internal/repository/cache/cache.go:97.85,98.70 1 1
github.com/go-park-mail-ru/2024_1_Netrunners/internal/repository/cache/cache.go:98.70,100.4 1 1
github.com/go-park-mail-ru/2024_1_Netrunners/internal/repository/cache/cache.go:101.3,101.13 1 1
github.com/go-park-mail-ru/2024_1_Netrunners/internal/repository/cache/cache.go:103.2,103.41 1 0
github.com/go-park-mail-ru/2024_1_Netrunners/internal/repository/postgres/actors.go:26.62,30.2 1 0
github.com/go-park-mail-ru/2024_1_Netrunners/internal/repository/postgres/actors.go:50.90,62.16 3 0
github.com/go-park-mail-ru/2024_1_Netrunners/internal/repository/postgres/actors.go:62.16,64.3 1 0
github.com/go-park-mail-ru/2024_1_Netrunners/internal/repository/postgres/actors.go:66.2,67.16 2 0
github.com/go-park-mail-ru/2024_1_Netrunners/internal/repository/postgres/actors.go:67.16,69.3 1 0
github.com/go-park-mail-ru/2024_1_Netrunners/internal/repository/postgres/actors.go:71.2,76.75 3 0
github.com/go-park-mail-ru/2024_1_Netrunners/internal/repository/postgres/actors.go:76.75,85.3 3 0
github.com/go-park-mail-ru/2024_1_Netrunners/internal/repository/postgres/actors.go:86.2,86.16 1 0
github.com/go-park-mail-ru/2024_1_Netrunners/internal/repository/postgres/actors.go:86.16,88.3 1 0
github.com/go-park-mail-ru/2024_1_Netrunners/internal/repository/postgres/actors.go:90.2,92.19 2 0
github.com/go-park-mail-ru/2024_1_Netrunners/internal/repository/postgres/actors.go:95.95,97.16 2 0
github.com/go-park-mail-ru/2024_1_Netrunners/internal/repository/postgres/actors.go:97.16,99.3 1 0
github.com/go-park-mail-ru/2024_1_Netrunners/internal/repository/postgres/actors.go:101.2,107.90 3 0
github.com/go-park-mail-ru/2024_1_Netrunners/internal/repository/postgres/actors.go:107.90,117.3 3 0
github.com/go-park-mail-ru/2024_1_Netrunners/internal/repository/postgres/actors.go:118.2,118.16 1 0
github.com/go-park-mail-ru/2024_1_Netrunners/internal/repository/postgres/actors.go:118.16,120.3 1 0
github.com/go-park-mail-ru/2024_1_Netrunners/internal/repository/postgres/actors.go:122.2,122.20 1 0
github.com/go-park-mail-ru/2024_1_Netrunners/internal/repository/postgres/films.go:18.60,22.2 1 0
github.com/go-park-mail-ru/2024_1_Netrunners/internal/repository/postgres/films.go:102.86,114.16 3 0
github.com/go-park-mail-ru/2024_1_Netrunners/internal/repository/postgres/films.go:114.16,116.3 1 0
github.com/go-park-mail-ru/2024_1_Netrunners/internal/repository/postgres/films.go:117.2,117.18 1 0
github.com/go-park-mail-ru/2024_1_Netrunners/internal/repository/postgres/films.go:120.71,122.16 2 0
github.com/go-park-mail-ru/2024_1_Netrunners/internal/repository/postgres/films.go:122.16,125.3 1 0
github.com/go-park-mail-ru/2024_1_Netrunners/internal/repository/postgres/films.go:126.2,126.15 1 0
github.com/go-park-mail-ru/2024_1_Netrunners/internal/repository/postgres/films.go:126.15,128.17 2 0
github.com/go-park-mail-ru/2024_1_Netrunners/internal/repository/postgres/films.go:128.17,131.4 1 0
github.com/go-park-mail-ru/2024_1_Netrunners/internal/repository/postgres/films.go:134.2,136.16 3 0
github.com/go-park-mail-ru/2024_1_Netrunners/internal/repository/postgres/films.go:136.16,139.3 1 0
github.com/go-park-mail-ru/2024_1_Netrunners/internal/repository/postgres/films.go:140.2,140.23 1 0
github.com/go-park-mail-ru/2024_1_Netrunners/internal/repository/postgres/films.go:140.23,142.17 2 0
github.com/go-park-mail-ru/2024_1_Netrunners/internal/repository/postgres/films.go:142.17,145.4 1 0
github.com/go-park-mail-ru/2024_1_Netrunners/internal/repository/postgres/films.go:148.2,150.16 3 0
github.com/go-park-mail-ru/2024_1_Netrunners/internal/repository/postgres/films.go:150.16,153.3 1 0
github.com/go-park-mail-ru/2024_1_Netrunners/internal/repository/postgres/films.go:155.2,157.16 2 0
github.com/go-park-mail-ru/2024_1_Netrunners/internal/repository/postgres/films.go:157.16,160.3 1 0
github.com/go-park-mail-ru/2024_1_Netrunners/internal/repository/postgres/films.go:162.2,164.16 3 0
github.com/go-park-mail-ru/2024_1_Netrunners/internal/repository/postgres/films.go:164.16,167.3 1 0
github.com/go-park-mail-ru/2024_1_Netrunners/internal/repository/postgres/films.go:169.2,170.35 2 0
github.com/go-park-mail-ru/2024_1_Netrunners/internal/repository/postgres/films.go:170.35,173.17 3 0
github.com/go-park-mail-ru/2024_1_Netrunners/internal/repository/postgres/films.go:173.17,176.4 1 0
github.com/go-park-mail-ru/2024_1_Netrunners/internal/repository/postgres/films.go:177.3,177.21 1 0
github.com/go-park-mail-ru/2024_1_Netrunners/internal/repository/postgres/films.go:177.21,179.18 2 0
github.com/go-park-mail-ru/2024_1_Netrunners/internal/repository/postgres/films.go:179.18,182.5 1 0
github.com/go-park-mail-ru/2024_1_Netrunners/internal/repository/postgres/films.go:185.3,187.17 3 0
github.com/go-park-mail-ru/2024_1_Netrunners/internal/repository/postgres/films.go:187.17,190.4 1 0
github.com/go-park-mail-ru/2024_1_Netrunners/internal/repository/postgres/films.go:192.3,193.17 2 0
github.com/go-park-mail-ru/2024_1_Netrunners/internal/repository/postgres/films.go:193.17,196.4 1 0
github.com/go-park-mail-ru/2024_1_Netrunners/internal/repository/postgres/films.go:199.2,199.12 1 0
github.com/go-park-mail-ru/2024_1_Netrunners/internal/repository/postgres/films.go:202.60,204.16 2 0
github.com/go-park-mail-ru/2024_1_Netrunners/internal/repository/postgres/films.go:204.16,206.3 1 0
github.com/go-park-mail-ru/2024_1_Netrunners/internal/repository/postgres/films.go:208.2,208.12 1 0
github.com/go-park-mail-ru/2024_1_Netrunners/internal/repository/postgres/films.go:211.86,221.16 3 0
github.com/go-park-mail-ru/2024_1_Netrunners/internal/repository/postgres/films.go:221.16,223.3 1 0
github.com/go-park-mail-ru/2024_1_Netrunners/internal/repository/postgres/films.go:224.2,224.25 1 0
github.com/go-park-mail-ru/2024_1_Netrunners/internal/repository/postgres/films.go:227.82,229.16 2 0
github.com/go-park-mail-ru/2024_1_Netrunners/internal/repository/postgres/films.go:229.16,231.3 1 0
github.com/go-park-mail-ru/2024_1_Netrunners/internal/repository/postgres/films.go:233.2,244.115 3 0
github.com/go-park-mail-ru/2024_1_Netrunners/internal/repository/postgres/films.go:244.115,258.4 3 0
github.com/go-park-mail-ru/2024_1_Netrunners/internal/repository/postgres/films.go:259.2,259.16 1 0
github.com/go-park-mail-ru/2024_1_Netrunners/internal/repository/postgres/films.go:259.16,261.3 1 0
github.com/go-park-mail-ru/2024_1_Netrunners/internal/repository/postgres/films.go:263.2,263.19 1 0
github.com/go-park-mail-ru/2024_1_Netrunners/internal/repository/postgres/films.go:266.91,268.16 2 0
github.com/go-park-mail-ru/2024_1_Netrunners/internal/repository/postgres/films.go:268.16,270.3 1 0
github.com/go-park-mail-ru/2024_1_Netrunners/internal/repository/postgres/films.go:272.2,278.90 3 0
github.com/go-park-mail-ru/2024_1_Netrunners/internal/repository/postgres/films.go:278.90,288.3 3 0
github.com/go-park-mail-ru/2024_1_Netrunners/internal/repository/postgres/films.go:289.2,289.16 1 0
github.com/go-park-mail-ru/2024_1_Netrunners/internal/repository/postgres/films.go:289.16,291.3 1 0
github.com/go-park-mail-ru/2024_1_Netrunners/internal/repository/postgres/films.go:293.2,293.20 1 0
github.com/go-park-mail-ru/2024_1_Netrunners/internal/repository/postgres/films.go:296.88,298.16 2 0
github.com/go-park-mail-ru/2024_1_Netrunners/internal/repository/postgres/films.go:298.16,300.3 1 0
github.com/go-park-mail-ru/2024_1_Netrunners/internal/repository/postgres/films.go:302.2,312.117 3 0
github.com/go-park-mail-ru/2024_1_Netrunners/internal/repository/postgres/films.go:312.117,325.4 3 0
github.com/go-park-mail-ru/2024_1_Netrunners/internal/repository/postgres/films.go:326.2,326.16 1 0
github.com/go-park-mail-ru/2024_1_Netrunners/internal/repository/postgres/films.go:326.16,328.3 1 0
github.com/go-park-mail-ru/2024_1_Netrunners/internal/repository/postgres/films.go:330.2,330.22 1 0
github.com/go-park-mail-ru/2024_1_Netrunners/internal/repository/postgres/testdata.go:9.38,26.2 1 0
github.com/go-park-mail-ru/2024_1_Netrunners/internal/repository/postgres/testdata.go:28.50,34.2 1 0
github.com/go-park-mail-ru/2024_1_Netrunners/internal/repository/postgres/testdata.go:36.40,46.2 1 0
github.com/go-park-mail-ru/2024_1_Netrunners/internal/repository/postgres/testdata.go:48.50,64.2 1 0
github.com/go-park-mail-ru/2024_1_Netrunners/internal/repository/postgres/testdata.go:66.46,76.2 1 0
github.com/go-park-mail-ru/2024_1_Netrunners/internal/repository/postgres/testdata.go:78.49,99.2 1 0
github.com/go-park-mail-ru/2024_1_Netrunners/internal/repository/postgres/testdata.go:101.48,107.2 1 0
github.com/go-park-mail-ru/2024_1_Netrunners/internal/repository/postgres/testdata.go:109.45,115.2 1 0
github.com/go-park-mail-ru/2024_1_Netrunners/internal/repository/postgres/testdata.go:117.32,128.2 1 0
github.com/go-park-mail-ru/2024_1_Netrunners/internal/repository/postgres/testdata.go:130.44,136.2 1 0
github.com/go-park-mail-ru/2024_1_Netrunners/internal/repository/postgres/users.go:17.60,21.2 1 0
github.com/go-park-mail-ru/2024_1_Netrunners/internal/repository/postgres/users.go:74.71,76.16 2 0
github.com/go-park-mail-ru/2024_1_Netrunners/internal/repository/postgres/users.go:76.16,78.3 1 0
github.com/go-park-mail-ru/2024_1_Netrunners/internal/repository/postgres/users.go:79.2,79.12 1 0
github.com/go-park-mail-ru/2024_1_Netrunners/internal/repository/postgres/users.go:82.73,95.16 4 0
github.com/go-park-mail-ru/2024_1_Netrunners/internal/repository/postgres/users.go:95.16,97.3 1 0
github.com/go-park-mail-ru/2024_1_Netrunners/internal/repository/postgres/users.go:98.2,98.18 1 0
github.com/go-park-mail-ru/2024_1_Netrunners/internal/repository/postgres/users.go:101.61,103.16 2 0
github.com/go-park-mail-ru/2024_1_Netrunners/internal/repository/postgres/users.go:103.16,105.3 1 0
github.com/go-park-mail-ru/2024_1_Netrunners/internal/repository/postgres/users.go:107.2,107.12 1 0
github.com/go-park-mail-ru/2024_1_Netrunners/internal/repository/postgres/users.go:110.68,113.16 3 0
github.com/go-park-mail-ru/2024_1_Netrunners/internal/repository/postgres/users.go:113.16,115.3 1 0
github.com/go-park-mail-ru/2024_1_Netrunners/internal/repository/postgres/users.go:117.2,117.32 1 0
github.com/go-park-mail-ru/2024_1_Netrunners/internal/repository/postgres/users.go:117.32,120.3 1 0
github.com/go-park-mail-ru/2024_1_Netrunners/internal/repository/postgres/users.go:122.2,122.12 1 0
github.com/go-park-mail-ru/2024_1_Netrunners/internal/repository/postgres/users.go:125.97,127.16 2 0
github.com/go-park-mail-ru/2024_1_Netrunners/internal/repository/postgres/users.go:127.16,130.3 1 0
github.com/go-park-mail-ru/2024_1_Netrunners/internal/repository/postgres/users.go:131.2,131.15 1 0
github.com/go-park-mail-ru/2024_1_Netrunners/internal/repository/postgres/users.go:131.15,133.17 2 0
github.com/go-park-mail-ru/2024_1_Netrunners/internal/repository/postgres/users.go:133.17,136.4 1 0
github.com/go-park-mail-ru/2024_1_Netrunners/internal/repository/postgres/users.go:139.2,140.16 2 0
github.com/go-park-mail-ru/2024_1_Netrunners/internal/repository/postgres/users.go:140.16,143.3 1 0
github.com/go-park-mail-ru/2024_1_Netrunners/internal/repository/postgres/users.go:145.2,155.16 3 0
github.com/go-park-mail-ru/2024_1_Netrunners/internal/repository/postgres/users.go:155.16,157.3 1 0
github.com/go-park-mail-ru/2024_1_Netrunners/internal/repository/postgres/users.go:159.2,160.16 2 0
github.com/go-park-mail-ru/2024_1_Netrunners/internal/repository/postgres/users.go:160.16,162.3 1 0
github.com/go-park-mail-ru/2024_1_Netrunners/internal/repository/postgres/users.go:164.2,164.18 1 0
github.com/go-park-mail-ru/2024_1_Netrunners/internal/repository/postgres/users.go:167.93,169.16 2 0
github.com/go-park-mail-ru/2024_1_Netrunners/internal/repository/postgres/users.go:169.16,172.3 1 0
github.com/go-park-mail-ru/2024_1_Netrunners/internal/repository/postgres/users.go:173.2,173.15 1 0
github.com/go-park-mail-ru/2024_1_Netrunners/internal/repository/postgres/users.go:173.15,175.17 2 0
github.com/go-park-mail-ru/2024_1_Netrunners/internal/repository/postgres/users.go:175.17,178.4 1 0
github.com/go-park-mail-ru/2024_1_Netrunners/internal/repository/postgres/users.go:181.2,182.16 2 0
github.com/go-park-mail-ru/2024_1_Netrunners/internal/repository/postgres/users.go:182.16,184.3 1 0
github.com/go-park-mail-ru/2024_1_Netrunners/internal/repository/postgres/users.go:186.2,196.16 3 0
github.com/go-park-mail-ru/2024_1_Netrunners/internal/repository/postgres/users.go:196.16,198.3 1 0
github.com/go-park-mail-ru/2024_1_Netrunners/internal/repository/postgres/users.go:200.2,201.16 2 0
github.com/go-park-mail-ru/2024_1_Netrunners/internal/repository/postgres/users.go:201.16,204.3 1 0
github.com/go-park-mail-ru/2024_1_Netrunners/internal/repository/postgres/users.go:205.2,205.18 1 0
github.com/go-park-mail-ru/2024_1_Netrunners/internal/repository/postgres/users.go:208.82,219.16 3 0
github.com/go-park-mail-ru/2024_1_Netrunners/internal/repository/postgres/users.go:219.16,221.3 1 0
github.com/go-park-mail-ru/2024_1_Netrunners/internal/repository/postgres/users.go:222.2,222.18 1 0
github.com/go-park-mail-ru/2024_1_Netrunners/internal/repository/postgres/users.go:225.86,230.16 4 0
github.com/go-park-mail-ru/2024_1_Netrunners/internal/repository/postgres/users.go:230.16,232.3 1 0
github.com/go-park-mail-ru/2024_1_Netrunners/internal/repository/postgres/users.go:233.2,233.25 1 0
github.com/go-park-mail-ru/2024_1_Netrunners/internal/repository/postgres/users.go:236.102,238.16 2 0
github.com/go-park-mail-ru/2024_1_Netrunners/internal/repository/postgres/users.go:238.16,241.3 1 0
github.com/go-park-mail-ru/2024_1_Netrunners/internal/repository/postgres/users.go:242.2,242.15 1 0
github.com/go-park-mail-ru/2024_1_Netrunners/internal/repository/postgres/users.go:242.15,244.17 2 0
github.com/go-park-mail-ru/2024_1_Netrunners/internal/repository/postgres/users.go:244.17,247.4 1 0
github.com/go-park-mail-ru/2024_1_Netrunners/internal/repository/postgres/users.go:250.2,251.16 2 0
github.com/go-park-mail-ru/2024_1_Netrunners/internal/repository/postgres/users.go:251.16,254.3 1 0
github.com/go-park-mail-ru/2024_1_Netrunners/internal/repository/postgres/users.go:256.2,266.16 3 0
github.com/go-park-mail-ru/2024_1_Netrunners/internal/repository/postgres/users.go:266.16,268.3 1 0
github.com/go-park-mail-ru/2024_1_Netrunners/internal/repository/postgres/users.go:270.2,271.16 2 0
github.com/go-park-mail-ru/2024_1_Netrunners/internal/repository/postgres/users.go:271.16,274.3 1 0
github.com/go-park-mail-ru/2024_1_Netrunners/internal/repository/postgres/users.go:276.2,276.18 1 0
github.com/go-park-mail-ru/2024_1_Netrunners/internal/repository/postgres/users.go:279.98,281.16 2 0
github.com/go-park-mail-ru/2024_1_Netrunners/internal/repository/postgres/users.go:281.16,284.3 1 0
github.com/go-park-mail-ru/2024_1_Netrunners/internal/repository/postgres/users.go:285.2,285.15 1 0
github.com/go-park-mail-ru/2024_1_Netrunners/internal/repository/postgres/users.go:285.15,287.17 2 0
github.com/go-park-mail-ru/2024_1_Netrunners/internal/repository/postgres/users.go:287.17,290.4 1 0
github.com/go-park-mail-ru/2024_1_Netrunners/internal/repository/postgres/users.go:293.2,294.16 2 0
github.com/go-park-mail-ru/2024_1_Netrunners/internal/repository/postgres/users.go:294.16,296.3 1 0
github.com/go-park-mail-ru/2024_1_Netrunners/internal/repository/postgres/users.go:298.2,308.16 3 0
github.com/go-park-mail-ru/2024_1_Netrunners/internal/repository/postgres/users.go:308.16,310.3 1 0
github.com/go-park-mail-ru/2024_1_Netrunners/internal/repository/postgres/users.go:312.2,313.16 2 0
github.com/go-park-mail-ru/2024_1_Netrunners/internal/repository/postgres/users.go:313.16,316.3 1 0
github.com/go-park-mail-ru/2024_1_Netrunners/internal/repository/postgres/users.go:317.2,317.18 1 0
github.com/go-park-mail-ru/2024_1_Netrunners/internal/repository/postgres/users.go:320.97,322.16 2 0
github.com/go-park-mail-ru/2024_1_Netrunners/internal/repository/postgres/users.go:322.16,325.3 1 0
github.com/go-park-mail-ru/2024_1_Netrunners/internal/repository/postgres/users.go:326.2,326.15 1 0
github.com/go-park-mail-ru/2024_1_Netrunners/internal/repository/postgres/users.go:326.15,328.17 2 0
github.com/go-park-mail-ru/2024_1_Netrunners/internal/repository/postgres/users.go:328.17,331.4 1 0
github.com/go-park-mail-ru/2024_1_Netrunners/internal/repository/postgres/users.go:334.2,335.16 2 0
github.com/go-park-mail-ru/2024_1_Netrunners/internal/repository/postgres/users.go:335.16,337.3 1 0
github.com/go-park-mail-ru/2024_1_Netrunners/internal/repository/postgres/users.go:339.2,349.16 3 0
github.com/go-park-mail-ru/2024_1_Netrunners/internal/repository/postgres/users.go:349.16,351.3 1 0
github.com/go-park-mail-ru/2024_1_Netrunners/internal/repository/postgres/users.go:353.2,354.16 2 0
github.com/go-park-mail-ru/2024_1_Netrunners/internal/repository/postgres/users.go:354.16,357.3 1 0
github.com/go-park-mail-ru/2024_1_Netrunners/internal/repository/postgres/users.go:358.2,358.18 1 0
github.com/go-park-mail-ru/2024_1_Netrunners/internal/requestId/requestId.go:14.33,16.19 2 0
github.com/go-park-mail-ru/2024_1_Netrunners/internal/requestId/requestId.go:16.19,18.3 1 0
github.com/go-park-mail-ru/2024_1_Netrunners/internal/requestId/requestId.go:20.2,20.18 1 0
github.com/go-park-mail-ru/2024_1_Netrunners/internal/requestId/requestId.go:23.53,28.2 3 0
github.com/go-park-mail-ru/2024_1_Netrunners/internal/service/actorsservice.go:22.88,27.2 1 0
github.com/go-park-mail-ru/2024_1_Netrunners/internal/service/actorsservice.go:29.111,31.16 2 0
github.com/go-park-mail-ru/2024_1_Netrunners/internal/service/actorsservice.go:31.16,35.3 2 0
github.com/go-park-mail-ru/2024_1_Netrunners/internal/service/actorsservice.go:37.2,37.19 1 0
github.com/go-park-mail-ru/2024_1_Netrunners/internal/service/actorsservice.go:40.116,42.16 2 0
github.com/go-park-mail-ru/2024_1_Netrunners/internal/service/actorsservice.go:42.16,46.3 2 0
github.com/go-park-mail-ru/2024_1_Netrunners/internal/service/actorsservice.go:48.2,48.20 1 0
github.com/go-park-mail-ru/2024_1_Netrunners/internal/service/authservice.go:39.83,45.2 1 0
github.com/go-park-mail-ru/2024_1_Netrunners/internal/service/authservice.go:47.91,49.16 2 0
github.com/go-park-mail-ru/2024_1_Netrunners/internal/service/authservice.go:49.16,53.3 2 0
github.com/go-park-mail-ru/2024_1_Netrunners/internal/service/authservice.go:54.2,54.12 1 0
github.com/go-park-mail-ru/2024_1_Netrunners/internal/service/authservice.go:57.81,59.16 2 0
github.com/go-park-mail-ru/2024_1_Netrunners/internal/service/authservice.go:59.16,63.3 2 0
github.com/go-park-mail-ru/2024_1_Netrunners/internal/service/authservice.go:64.2,64.12 1 0
github.com/go-park-mail-ru/2024_1_Netrunners/internal/service/authservice.go:67.88,69.16 2 0
github.com/go-park-mail-ru/2024_1_Netrunners/internal/service/authservice.go:69.16,72.3 2 0
github.com/go-park-mail-ru/2024_1_Netrunners/internal/service/authservice.go:73.2,73.12 1 0
github.com/go-park-mail-ru/2024_1_Netrunners/internal/service/authservice.go:76.93,78.16 2 0
github.com/go-park-mail-ru/2024_1_Netrunners/internal/service/authservice.go:78.16,81.3 2 0
github.com/go-park-mail-ru/2024_1_Netrunners/internal/service/authservice.go:82.2,82.18 1 0
github.com/go-park-mail-ru/2024_1_Netrunners/internal/service/authservice.go:85.117,87.16 2 0
github.com/go-park-mail-ru/2024_1_Netrunners/internal/service/authservice.go:87.16,91.3 2 0
github.com/go-park-mail-ru/2024_1_Netrunners/internal/service/authservice.go:92.2,92.18 1 0
github.com/go-park-mail-ru/2024_1_Netrunners/internal/service/authservice.go:95.109,97.16 2 0
github.com/go-park-mail-ru/2024_1_Netrunners/internal/service/authservice.go:97.16,101.3 2 0
github.com/go-park-mail-ru/2024_1_Netrunners/internal/service/authservice.go:102.2,102.18 1 0
github.com/go-park-mail-ru/2024_1_Netrunners/internal/service/authservice.go:105.85,106.89 1 0
github.com/go-park-mail-ru/2024_1_Netrunners/internal/service/authservice.go:106.89,107.58 1 0
github.com/go-park-mail-ru/2024_1_Netrunners/internal/service/authservice.go:107.58,109.4 1 0
github.com/go-park-mail-ru/2024_1_Netrunners/internal/service/authservice.go:111.3,111.40 1 0
github.com/go-park-mail-ru/2024_1_Netrunners/internal/service/authservice.go:113.2,113.16 1 0
github.com/go-park-mail-ru/2024_1_Netrunners/internal/service/authservice.go:113.16,115.3 1 0
github.com/go-park-mail-ru/2024_1_Netrunners/internal/service/authservice.go:117.2,117.24 1 0
github.com/go-park-mail-ru/2024_1_Netrunners/internal/service/authservice.go:117.24,119.3 1 0
github.com/go-park-mail-ru/2024_1_Netrunners/internal/service/authservice.go:120.2,121.9 2 0
github.com/go-park-mail-ru/2024_1_Netrunners/internal/service/authservice.go:121.9,123.3 1 0
github.com/go-park-mail-ru/2024_1_Netrunners/internal/service/authservice.go:125.2,126.9 2 0
github.com/go-park-mail-ru/2024_1_Netrunners/internal/service/authservice.go:126.9,128.3 1 0
github.com/go-park-mail-ru/2024_1_Netrunners/internal/service/authservice.go:129.2,130.9 2 0
github.com/go-park-mail-ru/2024_1_Netrunners/internal/service/authservice.go:130.9,132.3 1 0
github.com/go-park-mail-ru/2024_1_Netrunners/internal/service/authservice.go:134.2,135.9 2 0
github.com/go-park-mail-ru/2024_1_Netrunners/internal/service/authservice.go:135.9,137.3 1 0
github.com/go-park-mail-ru/2024_1_Netrunners/internal/service/authservice.go:139.2,139.20 1 0
github.com/go-park-mail-ru/2024_1_Netrunners/internal/service/authservice.go:142.36,144.31 2 0
github.com/go-park-mail-ru/2024_1_Netrunners/internal/service/authservice.go:144.31,146.3 1 0
github.com/go-park-mail-ru/2024_1_Netrunners/internal/service/authservice.go:147.2,148.36 2 0
github.com/go-park-mail-ru/2024_1_Netrunners/internal/service/authservice.go:151.46,152.24 1 0
github.com/go-park-mail-ru/2024_1_Netrunners/internal/service/authservice.go:152.24,154.3 1 0
github.com/go-park-mail-ru/2024_1_Netrunners/internal/service/authservice.go:155.2,155.38 1 0
github.com/go-park-mail-ru/2024_1_Netrunners/internal/service/authservice.go:158.46,159.24 1 0
github.com/go-park-mail-ru/2024_1_Netrunners/internal/service/authservice.go:159.24,161.3 1 0
github.com/go-park-mail-ru/2024_1_Netrunners/internal/service/authservice.go:162.2,162.38 1 0
github.com/go-park-mail-ru/2024_1_Netrunners/internal/service/authservice.go:172.119,186.16 4 0
github.com/go-park-mail-ru/2024_1_Netrunners/internal/service/authservice.go:186.16,188.3 1 0
github.com/go-park-mail-ru/2024_1_Netrunners/internal/service/authservice.go:190.2,190.25 1 0
github.com/go-park-mail-ru/2024_1_Netrunners/internal/service/authservice.go:193.102,195.16 2 0
github.com/go-park-mail-ru/2024_1_Netrunners/internal/service/authservice.go:195.16,199.3 2 0
github.com/go-park-mail-ru/2024_1_Netrunners/internal/service/authservice.go:200.2,200.18 1 0
github.com/go-park-mail-ru/2024_1_Netrunners/internal/service/authservice.go:203.106,205.16 2 0
github.com/go-park-mail-ru/2024_1_Netrunners/internal/service/authservice.go:205.16,209.3 2 0
github.com/go-park-mail-ru/2024_1_Netrunners/internal/service/authservice.go:210.2,210.25 1 0
github.com/go-park-mail-ru/2024_1_Netrunners/internal/service/authservice.go:214.9,216.16 2 0
github.com/go-park-mail-ru/2024_1_Netrunners/internal/service/authservice.go:216.16,220.3 2 0
github.com/go-park-mail-ru/2024_1_Netrunners/internal/service/authservice.go:221.2,221.18 1 0
github.com/go-park-mail-ru/2024_1_Netrunners/internal/service/authservice.go:224.114,226.16 2 0
github.com/go-park-mail-ru/2024_1_Netrunners/internal/service/authservice.go:226.16,230.3 2 0
github.com/go-park-mail-ru/2024_1_Netrunners/internal/service/authservice.go:231.2,231.18 1 0
github.com/go-park-mail-ru/2024_1_Netrunners/internal/service/filmsservice.go:28.110,34.2 1 0
github.com/go-park-mail-ru/2024_1_Netrunners/internal/service/filmsservice.go:36.107,38.16 2 0
github.com/go-park-mail-ru/2024_1_Netrunners/internal/service/filmsservice.go:38.16,42.3 2 0
github.com/go-park-mail-ru/2024_1_Netrunners/internal/service/filmsservice.go:43.2,43.18 1 0
github.com/go-park-mail-ru/2024_1_Netrunners/internal/service/filmsservice.go:46.92,48.16 2 0
github.com/go-park-mail-ru/2024_1_Netrunners/internal/service/filmsservice.go:48.16,51.3 2 0
github.com/go-park-mail-ru/2024_1_Netrunners/internal/service/filmsservice.go:52.2,52.12 1 0
github.com/go-park-mail-ru/2024_1_Netrunners/internal/service/filmsservice.go:55.81,57.16 2 0
github.com/go-park-mail-ru/2024_1_Netrunners/internal/service/filmsservice.go:57.16,60.3 2 0
github.com/go-park-mail-ru/2024_1_Netrunners/internal/service/filmsservice.go:61.2,61.12 1 0
github.com/go-park-mail-ru/2024_1_Netrunners/internal/service/filmsservice.go:64.107,66.16 2 0
github.com/go-park-mail-ru/2024_1_Netrunners/internal/service/filmsservice.go:66.16,70.3 2 0
github.com/go-park-mail-ru/2024_1_Netrunners/internal/service/filmsservice.go:71.2,71.25 1 0
github.com/go-park-mail-ru/2024_1_Netrunners/internal/service/filmsservice.go:74.101,76.16 2 0
github.com/go-park-mail-ru/2024_1_Netrunners/internal/service/filmsservice.go:76.16,80.3 2 0
github.com/go-park-mail-ru/2024_1_Netrunners/internal/service/filmsservice.go:81.2,81.26 1 0
github.com/go-park-mail-ru/2024_1_Netrunners/internal/service/filmsservice.go:84.109,86.16 2 0
github.com/go-park-mail-ru/2024_1_Netrunners/internal/service/filmsservice.go:86.16,90.3 2 0
github.com/go-park-mail-ru/2024_1_Netrunners/internal/service/filmsservice.go:91.2,91.22 1 0
github.com/go-park-mail-ru/2024_1_Netrunners/internal/service/filmsservice.go:94.112,96.16 2 0
github.com/go-park-mail-ru/2024_1_Netrunners/internal/service/filmsservice.go:96.16,100.3 2 0
github.com/go-park-mail-ru/2024_1_Netrunners/internal/service/filmsservice.go:101.2,101.20 1 0
github.com/go-park-mail-ru/2024_1_Netrunners/internal/service/filmsservice.go:104.50,184.28 2 0
github.com/go-park-mail-ru/2024_1_Netrunners/internal/service/filmsservice.go:184.28,186.17 2 0
github.com/go-park-mail-ru/2024_1_Netrunners/internal/service/filmsservice.go:186.17,189.4 2 0
github.com/go-park-mail-ru/2024_1_Netrunners/internal/service/filmsservice.go:192.2,192.12 1 0
github.com/go-park-mail-ru/2024_1_Netrunners/internal/service/sessionservice.go:25.98,30.2 1 0
github.com/go-park-mail-ru/2024_1_Netrunners/internal/service/sessionservice.go:32.105,34.16 2 0
github.com/go-park-mail-ru/2024_1_Netrunners/internal/service/sessionservice.go:34.16,37.3 2 0
github.com/go-park-mail-ru/2024_1_Netrunners/internal/service/sessionservice.go:38.2,38.12 1 0
github.com/go-park-mail-ru/2024_1_Netrunners/internal/service/sessionservice.go:41.100,43.16 2 0
github.com/go-park-mail-ru/2024_1_Netrunners/internal/service/sessionservice.go:43.16,47.3 2 0
github.com/go-park-mail-ru/2024_1_Netrunners/internal/service/sessionservice.go:48.2,48.12 1 0
github.com/go-park-mail-ru/2024_1_Netrunners/internal/service/sessionservice.go:51.93,53.16 2 0
github.com/go-park-mail-ru/2024_1_Netrunners/internal/service/sessionservice.go:53.16,56.3 2 0
github.com/go-park-mail-ru/2024_1_Netrunners/internal/service/sessionservice.go:57.2,57.12 1 0
github.com/go-park-mail-ru/2024_1_Netrunners/internal/service/sessionservice.go:61.51,63.16 2 0
github.com/go-park-mail-ru/2024_1_Netrunners/internal/service/sessionservice.go:63.16,66.3 2 0
github.com/go-park-mail-ru/2024_1_Netrunners/internal/service/sessionservice.go:67.2,67.24 1 0
github.com/go-park-mail-ru/2024_1_Netrunners/internal/service/sessionservice.go:70.112,72.16 2 0
github.com/go-park-mail-ru/2024_1_Netrunners/internal/service/sessionservice.go:72.16,75.3 2 0
github.com/go-park-mail-ru/2024_1_Netrunners/internal/service/sessionservice.go:76.2,76.21 1 0
github.com/go-park-mail-ru/2024_1_Netrunners/internal/service/sessionservice.go:79.97,81.16 2 0
github.com/go-park-mail-ru/2024_1_Netrunners/internal/service/sessionservice.go:81.16,84.3 2 0
github.com/go-park-mail-ru/2024_1_Netrunners/internal/service/sessionservice.go:85.2,85.12 1 0
github.com/go-park-mail-ru/2024_1_Netrunners/internal/service/sessionservice.go:88.99,90.16 2 0
github.com/go-park-mail-ru/2024_1_Netrunners/internal/service/sessionservice.go:90.16,94.3 2 0
github.com/go-park-mail-ru/2024_1_Netrunners/internal/service/sessionservice.go:95.2,95.12 1 0
github.com/go-park-mail-ru/2024_1_Netrunners/cmd/app/main.go:25.13,36.16 6 0
github.com/go-park-mail-ru/2024_1_Netrunners/cmd/app/main.go:36.16,38.3 1 0
github.com/go-park-mail-ru/2024_1_Netrunners/cmd/app/main.go:39.2,49.16 3 0
github.com/go-park-mail-ru/2024_1_Netrunners/cmd/app/main.go:49.16,51.3 1 0
github.com/go-park-mail-ru/2024_1_Netrunners/cmd/app/main.go:53.2,55.16 3 0
github.com/go-park-mail-ru/2024_1_Netrunners/cmd/app/main.go:55.16,57.3 1 0
github.com/go-park-mail-ru/2024_1_Netrunners/cmd/app/main.go:58.2,59.16 2 0
github.com/go-park-mail-ru/2024_1_Netrunners/cmd/app/main.go:59.16,61.3 1 0
github.com/go-park-mail-ru/2024_1_Netrunners/cmd/app/main.go:62.2,63.16 2 0
github.com/go-park-mail-ru/2024_1_Netrunners/cmd/app/main.go:63.16,65.3 1 0
github.com/go-park-mail-ru/2024_1_Netrunners/cmd/app/main.go:67.2,79.16 11 0
github.com/go-park-mail-ru/2024_1_Netrunners/cmd/app/main.go:79.16,81.3 1 0
github.com/go-park-mail-ru/2024_1_Netrunners/cmd/app/main.go:83.2,114.12 21 0
github.com/go-park-mail-ru/2024_1_Netrunners/cmd/app/main.go:114.12,121.46 7 0
github.com/go-park-mail-ru/2024_1_Netrunners/cmd/app/main.go:121.46,123.4 1 0
github.com/go-park-mail-ru/2024_1_Netrunners/cmd/app/main.go:126.2,128.65 2 0
github.com/go-park-mail-ru/2024_1_Netrunners/cmd/app/main.go:128.65,130.3 1 0
github.com/go-park-mail-ru/2024_1_Netrunners/cmd/app/main.go:132.2,134.31 2 0
github.com/go-park-mail-ru/2024_1_Netrunners/internal/errors/errors.go:8.41,10.9 2 0
github.com/go-park-mail-ru/2024_1_Netrunners/internal/errors/errors.go:18.33,19.15 1 0
github.com/go-park-mail-ru/2024_1_Netrunners/internal/errors/errors.go:26.38,27.15 1 0
github.com/go-park-mail-ru/2024_1_Netrunners/internal/errors/errors.go:29.37,30.15 1 0
github.com/go-park-mail-ru/2024_1_Netrunners/internal/errors/errors.go:31.10,33.49 2 0
github.com/go-park-mail-ru/2024_1_Netrunners/internal/errors/errors.go:36.2,37.39 2 0
github.com/go-park-mail-ru/2024_1_Netrunners/internal/errors/errors.go:37.39,39.3 1 0
github.com/go-park-mail-ru/2024_1_Netrunners/internal/errors/errors.go:41.2,41.27 1 0
github.com/go-park-mail-ru/2024_1_Netrunners/internal/handlers/actors.go:25.96,30.2 1 0
github.com/go-park-mail-ru/2024_1_Netrunners/internal/handlers/actors.go:37.94,43.16 5 0
github.com/go-park-mail-ru/2024_1_Netrunners/internal/handlers/actors.go:43.16,45.17 2 0
github.com/go-park-mail-ru/2024_1_Netrunners/internal/handlers/actors.go:45.17,47.4 1 0
github.com/go-park-mail-ru/2024_1_Netrunners/internal/handlers/actors.go:48.3,48.9 1 0
github.com/go-park-mail-ru/2024_1_Netrunners/internal/handlers/actors.go:51.2,53.35 2 0
github.com/go-park-mail-ru/2024_1_Netrunners/internal/handlers/actors.go:53.35,58.3 1 0
github.com/go-park-mail-ru/2024_1_Netrunners/internal/handlers/actors.go:60.2,79.16 4 0
github.com/go-park-mail-ru/2024_1_Netrunners/internal/handlers/actors.go:79.16,81.3 1 0
github.com/go-park-mail-ru/2024_1_Netrunners/internal/handlers/actors.go:83.2,85.16 3 0
github.com/go-park-mail-ru/2024_1_Netrunners/internal/handlers/actors.go:85.16,87.3 1 0
github.com/go-park-mail-ru/2024_1_Netrunners/internal/handlers/actors.go:95.95,101.16 5 0
github.com/go-park-mail-ru/2024_1_Netrunners/internal/handlers/actors.go:101.16,103.17 2 0
github.com/go-park-mail-ru/2024_1_Netrunners/internal/handlers/actors.go:103.17,105.4 1 0
github.com/go-park-mail-ru/2024_1_Netrunners/internal/handlers/actors.go:106.3,106.9 1 0
github.com/go-park-mail-ru/2024_1_Netrunners/internal/handlers/actors.go:109.2,115.16 3 0
github.com/go-park-mail-ru/2024_1_Netrunners/internal/handlers/actors.go:115.16,117.3 1 0
github.com/go-park-mail-ru/2024_1_Netrunners/internal/handlers/actors.go:119.2,121.16 3 0
github.com/go-park-mail-ru/2024_1_Netrunners/internal/handlers/actors.go:121.16,123.3 1 0
github.com/go-park-mail-ru/2024_1_Netrunners/internal/handlers/auth.go:54.47,60.2 1 0
github.com/go-park-mail-ru/2024_1_Netrunners/internal/handlers/auth.go:62.89,68.16 5 0
github.com/go-park-mail-ru/2024_1_Netrunners/internal/handlers/auth.go:68.16,70.17 2 0
github.com/go-park-mail-ru/2024_1_Netrunners/internal/handlers/auth.go:70.17,72.4 1 0
github.com/go-park-mail-ru/2024_1_Netrunners/internal/handlers/auth.go:73.3,73.9 1 0
github.com/go-park-mail-ru/2024_1_Netrunners/internal/handlers/auth.go:75.2,79.16 4 0
github.com/go-park-mail-ru/2024_1_Netrunners/internal/handlers/auth.go:79.16,81.17 2 0
github.com/go-park-mail-ru/2024_1_Netrunners/internal/handlers/auth.go:81.17,83.4 1 0
github.com/go-park-mail-ru/2024_1_Netrunners/internal/handlers/auth.go:84.3,84.9 1 0
github.com/go-park-mail-ru/2024_1_Netrunners/internal/handlers/auth.go:87.2,88.16 2 0
github.com/go-park-mail-ru/2024_1_Netrunners/internal/handlers/auth.go:88.16,90.17 2 0
github.com/go-park-mail-ru/2024_1_Netrunners/internal/handlers/auth.go:90.17,92.4 1 0
github.com/go-park-mail-ru/2024_1_Netrunners/internal/handlers/auth.go:93.3,93.9 1 0
github.com/go-park-mail-ru/2024_1_Netrunners/internal/handlers/auth.go:96.2,97.16 2 0
github.com/go-park-mail-ru/2024_1_Netrunners/internal/handlers/auth.go:97.16,99.17 2 0
github.com/go-park-mail-ru/2024_1_Netrunners/internal/handlers/auth.go:99.17,101.4 1 0
github.com/go-park-mail-ru/2024_1_Netrunners/internal/handlers/auth.go:102.3,102.9 1 0
github.com/go-park-mail-ru/2024_1_Netrunners/internal/handlers/auth.go:105.2,106.16 2 0
github.com/go-park-mail-ru/2024_1_Netrunners/internal/handlers/auth.go:106.16,108.17 2 0
github.com/go-park-mail-ru/2024_1_Netrunners/internal/handlers/auth.go:108.17,110.4 1 0
github.com/go-park-mail-ru/2024_1_Netrunners/internal/handlers/auth.go:111.3,111.9 1 0
github.com/go-park-mail-ru/2024_1_Netrunners/internal/handlers/auth.go:114.2,115.16 2 0
github.com/go-park-mail-ru/2024_1_Netrunners/internal/handlers/auth.go:115.16,117.17 2 0
github.com/go-park-mail-ru/2024_1_Netrunners/internal/handlers/auth.go:117.17,119.4 1 0
github.com/go-park-mail-ru/2024_1_Netrunners/internal/handlers/auth.go:120.3,120.9 1 0
github.com/go-park-mail-ru/2024_1_Netrunners/internal/handlers/auth.go:123.2,124.16 2 0
github.com/go-park-mail-ru/2024_1_Netrunners/internal/handlers/auth.go:124.16,126.17 2 0
github.com/go-park-mail-ru/2024_1_Netrunners/internal/handlers/auth.go:126.17,128.4 1 0
github.com/go-park-mail-ru/2024_1_Netrunners/internal/handlers/auth.go:130.3,130.9 1 0
github.com/go-park-mail-ru/2024_1_Netrunners/internal/handlers/auth.go:133.2,154.16 6 0
github.com/go-park-mail-ru/2024_1_Netrunners/internal/handlers/auth.go:154.16,156.3 1 0
github.com/go-park-mail-ru/2024_1_Netrunners/internal/handlers/auth.go:158.2,158.82 1 0
github.com/go-park-mail-ru/2024_1_Netrunners/internal/handlers/auth.go:161.90,166.16 4 0
github.com/go-park-mail-ru/2024_1_Netrunners/internal/handlers/auth.go:166.16,168.17 2 0
github.com/go-park-mail-ru/2024_1_Netrunners/internal/handlers/auth.go:168.17,170.4 1 0
github.com/go-park-mail-ru/2024_1_Netrunners/internal/handlers/auth.go:171.3,171.9 1 0
github.com/go-park-mail-ru/2024_1_Netrunners/internal/handlers/auth.go:174.2,175.16 2 0
github.com/go-park-mail-ru/2024_1_Netrunners/internal/handlers/auth.go:175.16,177.17 2 0
github.com/go-park-mail-ru/2024_1_Netrunners/internal/handlers/auth.go:177.17,179.4 1 0
github.com/go-park-mail-ru/2024_1_Netrunners/internal/handlers/auth.go:180.3,180.9 1 0
github.com/go-park-mail-ru/2024_1_Netrunners/internal/handlers/auth.go:183.2,184.16 2 0
github.com/go-park-mail-ru/2024_1_Netrunners/internal/handlers/auth.go:184.16,186.17 2 0
github.com/go-park-mail-ru/2024_1_Netrunners/internal/handlers/auth.go:186.17,188.4 1 0
github.com/go-park-mail-ru/2024_1_Netrunners/internal/handlers/auth.go:189.3,189.9 1 0
github.com/go-park-mail-ru/2024_1_Netrunners/internal/handlers/auth.go:192.2,204.16 4 0
github.com/go-park-mail-ru/2024_1_Netrunners/internal/handlers/auth.go:204.16,206.3 1 0
github.com/go-park-mail-ru/2024_1_Netrunners/internal/handlers/auth.go:208.2,209.16 2 0
github.com/go-park-mail-ru/2024_1_Netrunners/internal/handlers/auth.go:209.16,211.3 1 0
github.com/go-park-mail-ru/2024_1_Netrunners/internal/handlers/auth.go:214.90,220.16 5 0
github.com/go-park-mail-ru/2024_1_Netrunners/internal/handlers/auth.go:220.16,222.17 2 0
github.com/go-park-mail-ru/2024_1_Netrunners/internal/handlers/auth.go:222.17,224.4 1 0
github.com/go-park-mail-ru/2024_1_Netrunners/internal/handlers/auth.go:225.3,225.9 1 0
github.com/go-park-mail-ru/2024_1_Netrunners/internal/handlers/auth.go:228.2,233.16 5 0
github.com/go-park-mail-ru/2024_1_Netrunners/internal/handlers/auth.go:233.16,235.17 2 0
github.com/go-park-mail-ru/2024_1_Netrunners/internal/handlers/auth.go:235.17,237.4 1 0
github.com/go-park-mail-ru/2024_1_Netrunners/internal/handlers/auth.go:238.3,238.9 1 0
github.com/go-park-mail-ru/2024_1_Netrunners/internal/handlers/auth.go:241.2,242.16 2 0
github.com/go-park-mail-ru/2024_1_Netrunners/internal/handlers/auth.go:242.16,244.17 2 0
github.com/go-park-mail-ru/2024_1_Netrunners/internal/handlers/auth.go:244.17,246.4 1 0
github.com/go-park-mail-ru/2024_1_Netrunners/internal/handlers/auth.go:247.3,247.9 1 0
github.com/go-park-mail-ru/2024_1_Netrunners/internal/handlers/auth.go:250.2,251.16 2 0
github.com/go-park-mail-ru/2024_1_Netrunners/internal/handlers/auth.go:251.16,253.17 2 0
github.com/go-park-mail-ru/2024_1_Netrunners/internal/handlers/auth.go:253.17,255.4 1 0
github.com/go-park-mail-ru/2024_1_Netrunners/internal/handlers/auth.go:256.3,256.9 1 0
github.com/go-park-mail-ru/2024_1_Netrunners/internal/handlers/auth.go:259.2,268.16 4 0
github.com/go-park-mail-ru/2024_1_Netrunners/internal/handlers/auth.go:268.16,270.17 2 0
github.com/go-park-mail-ru/2024_1_Netrunners/internal/handlers/auth.go:270.17,272.4 1 0
github.com/go-park-mail-ru/2024_1_Netrunners/internal/handlers/auth.go:273.3,273.9 1 0
github.com/go-park-mail-ru/2024_1_Netrunners/internal/handlers/auth.go:276.2,277.16 2 0
github.com/go-park-mail-ru/2024_1_Netrunners/internal/handlers/auth.go:277.16,279.17 2 0
github.com/go-park-mail-ru/2024_1_Netrunners/internal/handlers/auth.go:279.17,281.4 1 0
github.com/go-park-mail-ru/2024_1_Netrunners/internal/handlers/auth.go:282.3,282.9 1 0
github.com/go-park-mail-ru/2024_1_Netrunners/internal/handlers/auth.go:285.2,286.16 2 0
github.com/go-park-mail-ru/2024_1_Netrunners/internal/handlers/auth.go:286.16,288.17 2 0
github.com/go-park-mail-ru/2024_1_Netrunners/internal/handlers/auth.go:288.17,290.4 1 0
github.com/go-park-mail-ru/2024_1_Netrunners/internal/handlers/auth.go:291.3,291.9 1 0
github.com/go-park-mail-ru/2024_1_Netrunners/internal/handlers/auth.go:294.2,295.16 2 0
github.com/go-park-mail-ru/2024_1_Netrunners/internal/handlers/auth.go:295.16,297.17 2 0
github.com/go-park-mail-ru/2024_1_Netrunners/internal/handlers/auth.go:297.17,299.4 1 0
github.com/go-park-mail-ru/2024_1_Netrunners/internal/handlers/auth.go:300.3,300.9 1 0
github.com/go-park-mail-ru/2024_1_Netrunners/internal/handlers/auth.go:303.2,325.16 6 0
github.com/go-park-mail-ru/2024_1_Netrunners/internal/handlers/auth.go:325.16,327.3 1 0
github.com/go-park-mail-ru/2024_1_Netrunners/internal/handlers/auth.go:330.89,335.16 4 0
github.com/go-park-mail-ru/2024_1_Netrunners/internal/handlers/auth.go:335.16,337.17 2 0
github.com/go-park-mail-ru/2024_1_Netrunners/internal/handlers/auth.go:337.17,339.4 1 0
github.com/go-park-mail-ru/2024_1_Netrunners/internal/handlers/auth.go:340.3,340.9 1 0
github.com/go-park-mail-ru/2024_1_Netrunners/internal/handlers/auth.go:343.2,344.16 2 0
github.com/go-park-mail-ru/2024_1_Netrunners/internal/handlers/auth.go:344.16,346.17 2 0
github.com/go-park-mail-ru/2024_1_Netrunners/internal/handlers/auth.go:346.17,348.4 1 0
github.com/go-park-mail-ru/2024_1_Netrunners/internal/handlers/auth.go:349.3,349.9 1 0
github.com/go-park-mail-ru/2024_1_Netrunners/internal/handlers/auth.go:352.2,353.16 2 0
github.com/go-park-mail-ru/2024_1_Netrunners/internal/handlers/auth.go:353.16,355.17 2 0
github.com/go-park-mail-ru/2024_1_Netrunners/internal/handlers/auth.go:355.17,357.4 1 0
github.com/go-park-mail-ru/2024_1_Netrunners/internal/handlers/auth.go:358.3,358.9 1 0
github.com/go-park-mail-ru/2024_1_Netrunners/internal/handlers/auth.go:361.2,365.16 2 0
github.com/go-park-mail-ru/2024_1_Netrunners/internal/handlers/auth.go:365.16,367.17 2 0
github.com/go-park-mail-ru/2024_1_Netrunners/internal/handlers/auth.go:367.17,369.4 1 0
github.com/go-park-mail-ru/2024_1_Netrunners/internal/handlers/auth.go:370.3,370.9 1 0
github.com/go-park-mail-ru/2024_1_Netrunners/internal/handlers/auth.go:373.2,375.16 2 0
github.com/go-park-mail-ru/2024_1_Netrunners/internal/handlers/auth.go:375.16,377.17 2 0
github.com/go-park-mail-ru/2024_1_Netrunners/internal/handlers/auth.go:377.17,379.4 1 0
github.com/go-park-mail-ru/2024_1_Netrunners/internal/handlers/auth.go:380.3,380.9 1 0
github.com/go-park-mail-ru/2024_1_Netrunners/internal/handlers/auth.go:383.2,393.16 4 0
github.com/go-park-mail-ru/2024_1_Netrunners/internal/handlers/auth.go:393.16,395.3 1 0
github.com/go-park-mail-ru/2024_1_Netrunners/internal/handlers/films.go:31.100,36.2 1 0
github.com/go-park-mail-ru/2024_1_Netrunners/internal/handlers/films.go:43.105,48.16 4 0
github.com/go-park-mail-ru/2024_1_Netrunners/internal/handlers/films.go:48.16,50.17 2 0
github.com/go-park-mail-ru/2024_1_Netrunners/internal/handlers/films.go:50.17,52.4 1 0
github.com/go-park-mail-ru/2024_1_Netrunners/internal/handlers/films.go:55.2,55.29 1 0
github.com/go-park-mail-ru/2024_1_Netrunners/internal/handlers/films.go:55.29,57.3 1 0
github.com/go-park-mail-ru/2024_1_Netrunners/internal/handlers/films.go:59.2,65.16 3 0
github.com/go-park-mail-ru/2024_1_Netrunners/internal/handlers/films.go:65.16,67.3 1 0
github.com/go-park-mail-ru/2024_1_Netrunners/internal/handlers/films.go:69.2,71.16 3 0
github.com/go-park-mail-ru/2024_1_Netrunners/internal/handlers/films.go:71.16,73.3 1 0
github.com/go-park-mail-ru/2024_1_Netrunners/internal/handlers/films.go:81.103,87.16 5 0
github.com/go-park-mail-ru/2024_1_Netrunners/internal/handlers/films.go:87.16,89.17 2 0
github.com/go-park-mail-ru/2024_1_Netrunners/internal/handlers/films.go:89.17,91.4 1 0
github.com/go-park-mail-ru/2024_1_Netrunners/internal/handlers/films.go:92.3,92.9 1 0
github.com/go-park-mail-ru/2024_1_Netrunners/internal/handlers/films.go:95.2,103.16 4 0
github.com/go-park-mail-ru/2024_1_Netrunners/internal/handlers/films.go:103.16,105.17 2 0
github.com/go-park-mail-ru/2024_1_Netrunners/internal/handlers/films.go:105.17,107.4 1 0
github.com/go-park-mail-ru/2024_1_Netrunners/internal/handlers/films.go:108.3,108.9 1 0
github.com/go-park-mail-ru/2024_1_Netrunners/internal/handlers/films.go:111.2,113.16 3 0
github.com/go-park-mail-ru/2024_1_Netrunners/internal/handlers/films.go:113.16,115.17 2 0
github.com/go-park-mail-ru/2024_1_Netrunners/internal/handlers/films.go:115.17,117.4 1 0
github.com/go-park-mail-ru/2024_1_Netrunners/internal/handlers/films.go:118.3,118.9 1 0
github.com/go-park-mail-ru/2024_1_Netrunners/internal/handlers/films.go:127.104,133.16 5 0
github.com/go-park-mail-ru/2024_1_Netrunners/internal/handlers/films.go:133.16,135.17 2 0
github.com/go-park-mail-ru/2024_1_Netrunners/internal/handlers/films.go:135.17,137.4 1 0
github.com/go-park-mail-ru/2024_1_Netrunners/internal/handlers/films.go:138.3,138.9 1 0
github.com/go-park-mail-ru/2024_1_Netrunners/internal/handlers/films.go:141.2,141.35 1 0
github.com/go-park-mail-ru/2024_1_Netrunners/internal/handlers/films.go:141.35,143.3 1 0
github.com/go-park-mail-ru/2024_1_Netrunners/internal/handlers/films.go:145.2,151.16 3 0
[...]
github.com/go-park-mail-ru/2024_1_Netrunners/internal/repository/postgres/testdata.go:66.46,76.2 1 0
github.com/go-park-mail-ru/2024_1_Netrunners/internal/repository/postgres/testdata.go:78.49,99.2 1 0
github.com/go-park-mail-ru/2024_1_Netrunners/internal/repository/postgres/testdata.go:101.48,107.2 1 0
github.com/go-park-mail-ru/2024_1_Netrunners/internal/repository/postgres/testdata.go:109.45,115.2 1 0
github.com/go-park-mail-ru/2024_1_Netrunners/internal/repository/postgres/testdata.go:117.32,128.2 1 0
github.com/go-park-mail-ru/2024_1_Netrunners/internal/repository/postgres/testdata.go:130.44,136.2 1 0
github.com/go-park-mail-ru/2024_1_Netrunners/internal/repository/postgres/users.go:17.60,21.2 1 0
github.com/go-park-mail-ru/2024_1_Netrunners/internal/repository/postgres/users.go:74.71,76.16 2 0
github.com/go-park-mail-ru/2024_1_Netrunners/internal/repository/postgres/users.go:76.16,78.3 1 0
github.com/go-park-mail-ru/2024_1_Netrunners/internal/repository/postgres/users.go:79.2,79.12 1 0
github.com/go-park-mail-ru/2024_1_Netrunners/internal/repository/postgres/users.go:82.73,95.16 4 0
github.com/go-park-mail-ru/2024_1_Netrunners/internal/repository/postgres/users.go:95.16,97.3 1 0
github.com/go-park-mail-ru/2024_1_Netrunners/internal/repository/postgres/users.go:98.2,98.18 1 0
github.com/go-park-mail-ru/2024_1_Netrunners/internal/repository/postgres/users.go:101.61,103.16 2 0
github.com/go-park-mail-ru/2024_1_Netrunners/internal/repository/postgres/users.go:103.16,105.3 1 0
github.com/go-park-mail-ru/2024_1_Netrunners/internal/repository/postgres/users.go:107.2,107.12 1 0
github.com/go-park-mail-ru/2024_1_Netrunners/internal/repository/postgres/users.go:110.68,113.16 3 0
github.com/go-park-mail-ru/2024_1_Netrunners/internal/repository/postgres/users.go:113.16,115.3 1 0
github.com/go-park-mail-ru/2024_1_Netrunners/internal/repository/postgres/users.go:117.2,117.32 1 0
github.com/go-park-mail-ru/2024_1_Netrunners/internal/repository/postgres/users.go:117.32,120.3 1 0
github.com/go-park-mail-ru/2024_1_Netrunners/internal/repository/postgres/users.go:122.2,122.12 1 0
github.com/go-park-mail-ru/2024_1_Netrunners/internal/repository/postgres/users.go:125.97,127.16 2 0
github.com/go-park-mail-ru/2024_1_Netrunners/internal/repository/postgres/users.go:127.16,130.3 1 0
github.com/go-park-mail-ru/2024_1_Netrunners/internal/repository/postgres/users.go:131.2,131.15 1 0
github.com/go-park-mail-ru/2024_1_Netrunners/internal/repository/postgres/users.go:131.15,133.17 2 0
github.com/go-park-mail-ru/2024_1_Netrunners/internal/repository/postgres/users.go:133.17,136.4 1 0
github.com/go-park-mail-ru/2024_1_Netrunners/internal/repository/postgres/users.go:139.2,140.16 2 0
github.com/go-park-mail-ru/2024_1_Netrunners/internal/repository/postgres/users.go:140.16,143.3 1 0
github.com/go-park-mail-ru/2024_1_Netrunners/internal/repository/postgres/users.go:145.2,155.16 3 0
github.com/go-park-mail-ru/2024_1_Netrunners/internal/repository/postgres/users.go:155.16,157.3 1 0
github.com/go-park-mail-ru/2024_1_Netrunners/internal/repository/postgres/users.go:159.2,160.16 2 0
github.com/go-park-mail-ru/2024_1_Netrunners/internal/repository/postgres/users.go:160.16,162.3 1 0
github.com/go-park-mail-ru/2024_1_Netrunners/internal/repository/postgres/users.go:164.2,164.18 1 0
github.com/go-park-mail-ru/2024_1_Netrunners/internal/repository/postgres/users.go:167.93,169.16 2 0
github.com/go-park-mail-ru/2024_1_Netrunners/internal/repository/postgres/users.go:169.16,172.3 1 0
github.com/go-park-mail-ru/2024_1_Netrunners/internal/repository/postgres/users.go:173.2,173.15 1 0
github.com/go-park-mail-ru/2024_1_Netrunners/internal/repository/postgres/users.go:173.15,175.17 2 0
github.com/go-park-mail-ru/2024_1_Netrunners/internal/repository/postgres/users.go:175.17,178.4 1 0
github.com/go-park-mail-ru/2024_1_Netrunners/internal/repository/postgres/users.go:181.2,182.16 2 0
github.com/go-park-mail-ru/2024_1_Netrunners/internal/repository/postgres/users.go:182.16,184.3 1 0
github.com/go-park-mail-ru/2024_1_Netrunners/internal/repository/postgres/users.go:186.2,196.16 3 0
github.com/go-park-mail-ru/2024_1_Netrunners/internal/repository/postgres/users.go:196.16,198.3 1 0
github.com/go-park-mail-ru/2024_1_Netrunners/internal/repository/postgres/users.go:200.2,201.16 2 0
github.com/go-park-mail-ru/2024_1_Netrunners/internal/repository/postgres/users.go:201.16,204.3 1 0
github.com/go-park-mail-ru/2024_1_Netrunners/internal/repository/postgres/users.go:205.2,205.18 1 0
github.com/go-park-mail-ru/2024_1_Netrunners/internal/repository/postgres/users.go:208.82,219.16 3 0
github.com/go-park-mail-ru/2024_1_Netrunners/internal/repository/postgres/users.go:219.16,221.3 1 0
github.com/go-park-mail-ru/2024_1_Netrunners/internal/repository/postgres/users.go:222.2,222.18 1 0
github.com/go-park-mail-ru/2024_1_Netrunners/internal/repository/postgres/users.go:225.86,230.16 4 0
github.com/go-park-mail-ru/2024_1_Netrunners/internal/repository/postgres/users.go:230.16,232.3 1 0
github.com/go-park-mail-ru/2024_1_Netrunners/internal/repository/postgres/users.go:233.2,233.25 1 0
github.com/go-park-mail-ru/2024_1_Netrunners/internal/repository/postgres/users.go:236.102,238.16 2 0
github.com/go-park-mail-ru/2024_1_Netrunners/internal/repository/postgres/users.go:238.16,241.3 1 0
github.com/go-park-mail-ru/2024_1_Netrunners/internal/repository/postgres/users.go:242.2,242.15 1 0
github.com/go-park-mail-ru/2024_1_Netrunners/internal/repository/postgres/users.go:242.15,244.17 2 0
github.com/go-park-mail-ru/2024_1_Netrunners/internal/repository/postgres/users.go:244.17,247.4 1 0
github.com/go-park-mail-ru/2024_1_Netrunners/internal/repository/postgres/users.go:250.2,251.16 2 0
github.com/go-park-mail-ru/2024_1_Netrunners/internal/repository/postgres/users.go:251.16,254.3 1 0
github.com/go-park-mail-ru/2024_1_Netrunners/internal/repository/postgres/users.go:256.2,266.16 3 0
github.com/go-park-mail-ru/2024_1_Netrunners/internal/repository/postgres/users.go:266.16,268.3 1 0
github.com/go-park-mail-ru/2024_1_Netrunners/internal/repository/postgres/users.go:270.2,271.16 2 0
github.com/go-park-mail-ru/2024_1_Netrunners/internal/repository/postgres/users.go:271.16,274.3 1 0
github.com/go-park-mail-ru/2024_1_Netrunners/internal/repository/postgres/users.go:276.2,276.18 1 0
github.com/go-park-mail-ru/2024_1_Netrunners/internal/repository/postgres/users.go:279.98,281.16 2 0
github.com/go-park-mail-ru/2024_1_Netrunners/internal/repository/postgres/users.go:281.16,284.3 1 0
github.com/go-park-mail-ru/2024_1_Netrunners/internal/repository/postgres/users.go:285.2,285.15 1 0
github.com/go-park-mail-ru/2024_1_Netrunners/internal/repository/postgres/users.go:285.15,287.17 2 0
github.com/go-park-mail-ru/2024_1_Netrunners/internal/repository/postgres/users.go:287.17,290.4 1 0
github.com/go-park-mail-ru/2024_1_Netrunners/internal/repository/postgres/users.go:293.2,294.16 2 0
github.com/go-park-mail-ru/2024_1_Netrunners/internal/repository/postgres/users.go:294.16,296.3 1 0
github.com/go-park-mail-ru/2024_1_Netrunners/internal/repository/postgres/users.go:298.2,308.16 3 0
github.com/go-park-mail-ru/2024_1_Netrunners/internal/repository/postgres/users.go:308.16,310.3 1 0
github.com/go-park-mail-ru/2024_1_Netrunners/internal/repository/postgres/users.go:312.2,313.16 2 0
github.com/go-park-mail-ru/2024_1_Netrunners/internal/repository/postgres/users.go:313.16,316.3 1 0
github.com/go-park-mail-ru/2024_1_Netrunners/internal/repository/postgres/users.go:317.2,317.18 1 0
github.com/go-park-mail-ru/2024_1_Netrunners/internal/repository/postgres/users.go:320.97,322.16 2 0
github.com/go-park-mail-ru/2024_1_Netrunners/internal/repository/postgres/users.go:322.16,325.3 1 0
github.com/go-park-mail-ru/2024_1_Netrunners/internal/repository/postgres/users.go:326.2,326.15 1 0
github.com/go-park-mail-ru/2024_1_Netrunners/internal/repository/postgres/users.go:326.15,328.17 2 0
github.com/go-park-mail-ru/2024_1_Netrunners/internal/repository/postgres/users.go:328.17,331.4 1 0
github.com/go-park-mail-ru/2024_1_Netrunners/internal/repository/postgres/users.go:334.2,335.16 2 0
github.com/go-park-mail-ru/2024_1_Netrunners/internal/repository/postgres/users.go:335.16,337.3 1 0
github.com/go-park-mail-ru/2024_1_Netrunners/internal/repository/postgres/users.go:339.2,349.16 3 0
github.com/go-park-mail-ru/2024_1_Netrunners/internal/repository/postgres/users.go:349.16,351.3 1 0
github.com/go-park-mail-ru/2024_1_Netrunners/internal/repository/postgres/users.go:353.2,354.16 2 0
github.com/go-park-mail-ru/2024_1_Netrunners/internal/repository/postgres/users.go:354.16,357.3 1 0
github.com/go-park-mail-ru/2024_1_Netrunners/internal/repository/postgres/users.go:358.2,358.18 1 0
github.com/go-park-mail-ru/2024_1_Netrunners/internal/requestId/requestId.go:14.33,16.19 2 0
github.com/go-park-mail-ru/2024_1_Netrunners/internal/requestId/requestId.go:16.19,18.3 1 0
github.com/go-park-mail-ru/2024_1_Netrunners/internal/requestId/requestId.go:20.2,20.18 1 0
github.com/go-park-mail-ru/2024_1_Netrunners/internal/requestId/requestId.go:23.53,28.2 3 0
github.com/go-park-mail-ru/2024_1_Netrunners/internal/service/actorsservice.go:22.88,27.2 1 1
github.com/go-park-mail-ru/2024_1_Netrunners/internal/service/actorsservice.go:29.111,31.16 2 1
github.com/go-park-mail-ru/2024_1_Netrunners/internal/service/actorsservice.go:31.16,35.3 2 1
github.com/go-park-mail-ru/2024_1_Netrunners/internal/service/actorsservice.go:37.2,37.19 1 1
github.com/go-park-mail-ru/2024_1_Netrunners/internal/service/actorsservice.go:40.116,42.16 2 1
github.com/go-park-mail-ru/2024_1_Netrunners/internal/service/actorsservice.go:42.16,46.3 2 1
github.com/go-park-mail-ru/2024_1_Netrunners/internal/service/actorsservice.go:48.2,48.20 1 1
github.com/go-park-mail-ru/2024_1_Netrunners/internal/service/authservice.go:39.83,45.2 1 1
github.com/go-park-mail-ru/2024_1_Netrunners/internal/service/authservice.go:47.91,49.16 2 1
github.com/go-park-mail-ru/2024_1_Netrunners/internal/service/authservice.go:49.16,53.3 2 0
github.com/go-park-mail-ru/2024_1_Netrunners/internal/service/authservice.go:54.2,54.12 1 1
github.com/go-park-mail-ru/2024_1_Netrunners/internal/service/authservice.go:57.81,59.16 2 1
github.com/go-park-mail-ru/2024_1_Netrunners/internal/service/authservice.go:59.16,63.3 2 0
github.com/go-park-mail-ru/2024_1_Netrunners/internal/service/authservice.go:64.2,64.12 1 1
github.com/go-park-mail-ru/2024_1_Netrunners/internal/service/authservice.go:67.88,69.16 2 1
github.com/go-park-mail-ru/2024_1_Netrunners/internal/service/authservice.go:69.16,72.3 2 0
github.com/go-park-mail-ru/2024_1_Netrunners/internal/service/authservice.go:73.2,73.12 1 1
github.com/go-park-mail-ru/2024_1_Netrunners/internal/service/authservice.go:76.93,78.16 2 1
github.com/go-park-mail-ru/2024_1_Netrunners/internal/service/authservice.go:78.16,81.3 2 0
github.com/go-park-mail-ru/2024_1_Netrunners/internal/service/authservice.go:82.2,82.18 1 1
github.com/go-park-mail-ru/2024_1_Netrunners/internal/service/authservice.go:85.117,87.16 2 1
github.com/go-park-mail-ru/2024_1_Netrunners/internal/service/authservice.go:87.16,91.3 2 0
github.com/go-park-mail-ru/2024_1_Netrunners/internal/service/authservice.go:92.2,92.18 1 1
github.com/go-park-mail-ru/2024_1_Netrunners/internal/service/authservice.go:95.109,97.16 2 1
github.com/go-park-mail-ru/2024_1_Netrunners/internal/service/authservice.go:97.16,101.3 2 0
github.com/go-park-mail-ru/2024_1_Netrunners/internal/service/authservice.go:102.2,102.18 1 1
github.com/go-park-mail-ru/2024_1_Netrunners/internal/service/authservice.go:105.85,106.89 1 0
github.com/go-park-mail-ru/2024_1_Netrunners/internal/service/authservice.go:106.89,107.58 1 0
github.com/go-park-mail-ru/2024_1_Netrunners/internal/service/authservice.go:107.58,109.4 1 0
github.com/go-park-mail-ru/2024_1_Netrunners/internal/service/authservice.go:111.3,111.40 1 0
github.com/go-park-mail-ru/2024_1_Netrunners/internal/service/authservice.go:113.2,113.16 1 0
github.com/go-park-mail-ru/2024_1_Netrunners/internal/service/authservice.go:113.16,115.3 1 0
github.com/go-park-mail-ru/2024_1_Netrunners/internal/service/authservice.go:117.2,117.24 1 0
github.com/go-park-mail-ru/2024_1_Netrunners/internal/service/authservice.go:117.24,119.3 1 0
github.com/go-park-mail-ru/2024_1_Netrunners/internal/service/authservice.go:120.2,121.9 2 0
github.com/go-park-mail-ru/2024_1_Netrunners/internal/service/authservice.go:121.9,123.3 1 0
github.com/go-park-mail-ru/2024_1_Netrunners/internal/service/authservice.go:125.2,126.9 2 0
github.com/go-park-mail-ru/2024_1_Netrunners/internal/service/authservice.go:126.9,128.3 1 0
github.com/go-park-mail-ru/2024_1_Netrunners/internal/service/authservice.go:129.2,130.9 2 0
github.com/go-park-mail-ru/2024_1_Netrunners/internal/service/authservice.go:130.9,132.3 1 0
github.com/go-park-mail-ru/2024_1_Netrunners/internal/service/authservice.go:134.2,135.9 2 0
github.com/go-park-mail-ru/2024_1_Netrunners/internal/service/authservice.go:135.9,137.3 1 0
github.com/go-park-mail-ru/2024_1_Netrunners/internal/service/authservice.go:139.2,139.20 1 0
github.com/go-park-mail-ru/2024_1_Netrunners/internal/service/authservice.go:142.36,144.31 2 1
github.com/go-park-mail-ru/2024_1_Netrunners/internal/service/authservice.go:144.31,146.3 1 1
github.com/go-park-mail-ru/2024_1_Netrunners/internal/service/authservice.go:147.2,148.36 2 1
github.com/go-park-mail-ru/2024_1_Netrunners/internal/service/authservice.go:151.46,152.24 1 1
github.com/go-park-mail-ru/2024_1_Netrunners/internal/service/authservice.go:152.24,154.3 1 1
github.com/go-park-mail-ru/2024_1_Netrunners/internal/service/authservice.go:155.2,155.38 1 1
github.com/go-park-mail-ru/2024_1_Netrunners/internal/service/authservice.go:158.46,159.24 1 1
github.com/go-park-mail-ru/2024_1_Netrunners/internal/service/authservice.go:159.24,161.3 1 1
github.com/go-park-mail-ru/2024_1_Netrunners/internal/service/authservice.go:162.2,162.38 1 1
github.com/go-park-mail-ru/2024_1_Netrunners/internal/service/authservice.go:172.119,186.16 4 1
github.com/go-park-mail-ru/2024_1_Netrunners/internal/service/authservice.go:186.16,188.3 1 0
github.com/go-park-mail-ru/2024_1_Netrunners/internal/service/authservice.go:190.2,190.25 1 1
github.com/go-park-mail-ru/2024_1_Netrunners/internal/service/authservice.go:193.102,195.16 2 1
github.com/go-park-mail-ru/2024_1_Netrunners/internal/service/authservice.go:195.16,199.3 2 0
github.com/go-park-mail-ru/2024_1_Netrunners/internal/service/authservice.go:200.2,200.18 1 1
github.com/go-park-mail-ru/2024_1_Netrunners/internal/service/authservice.go:203.106,205.16 2 1
github.com/go-park-mail-ru/2024_1_Netrunners/internal/service/authservice.go:205.16,209.3 2 0
github.com/go-park-mail-ru/2024_1_Netrunners/internal/service/authservice.go:210.2,210.25 1 1
github.com/go-park-mail-ru/2024_1_Netrunners/internal/service/authservice.go:214.9,216.16 2 1
github.com/go-park-mail-ru/2024_1_Netrunners/internal/service/authservice.go:216.16,220.3 2 0
github.com/go-park-mail-ru/2024_1_Netrunners/internal/service/authservice.go:221.2,221.18 1 1
github.com/go-park-mail-ru/2024_1_Netrunners/internal/service/authservice.go:224.114,226.16 2 1
github.com/go-park-mail-ru/2024_1_Netrunners/internal/service/authservice.go:226.16,230.3 2 0
github.com/go-park-mail-ru/2024_1_Netrunners/internal/service/authservice.go:231.2,231.18 1 1
github.com/go-park-mail-ru/2024_1_Netrunners/internal/service/filmsservice.go:28.110,34.2 1 1
github.com/go-park-mail-ru/2024_1_Netrunners/internal/service/filmsservice.go:36.107,38.16 2 1
github.com/go-park-mail-ru/2024_1_Netrunners/internal/service/filmsservice.go:38.16,42.3 2 1
github.com/go-park-mail-ru/2024_1_Netrunners/internal/service/filmsservice.go:43.2,43.18 1 1
github.com/go-park-mail-ru/2024_1_Netrunners/internal/service/filmsservice.go:46.92,48.16 2 1
github.com/go-park-mail-ru/2024_1_Netrunners/internal/service/filmsservice.go:48.16,51.3 2 1
github.com/go-park-mail-ru/2024_1_Netrunners/internal/service/filmsservice.go:52.2,52.12 1 1
github.com/go-park-mail-ru/2024_1_Netrunners/internal/service/filmsservice.go:55.81,57.16 2 1
github.com/go-park-mail-ru/2024_1_Netrunners/internal/service/filmsservice.go:57.16,60.3 2 1
github.com/go-park-mail-ru/2024_1_Netrunners/internal/service/filmsservice.go:61.2,61.12 1 1
github.com/go-park-mail-ru/2024_1_Netrunners/internal/service/filmsservice.go:64.107,66.16 2 1
github.com/go-park-mail-ru/2024_1_Netrunners/internal/service/filmsservice.go:66.16,70.3 2 1
github.com/go-park-mail-ru/2024_1_Netrunners/internal/service/filmsservice.go:71.2,71.25 1 1
github.com/go-park-mail-ru/2024_1_Netrunners/internal/service/filmsservice.go:74.101,76.16 2 1
github.com/go-park-mail-ru/2024_1_Netrunners/internal/service/filmsservice.go:76.16,80.3 2 1
github.com/go-park-mail-ru/2024_1_Netrunners/internal/service/filmsservice.go:81.2,81.26 1 1
github.com/go-park-mail-ru/2024_1_Netrunners/internal/service/filmsservice.go:84.109,86.16 2 1
github.com/go-park-mail-ru/2024_1_Netrunners/internal/service/filmsservice.go:86.16,90.3 2 1
github.com/go-park-mail-ru/2024_1_Netrunners/internal/service/filmsservice.go:91.2,91.22 1 1
github.com/go-park-mail-ru/2024_1_Netrunners/internal/service/filmsservice.go:94.112,96.16 2 1
github.com/go-park-mail-ru/2024_1_Netrunners/internal/service/filmsservice.go:96.16,100.3 2 1
github.com/go-park-mail-ru/2024_1_Netrunners/internal/service/filmsservice.go:101.2,101.20 1 1
github.com/go-park-mail-ru/2024_1_Netrunners/internal/service/filmsservice.go:104.50,184.28 2 1
github.com/go-park-mail-ru/2024_1_Netrunners/internal/service/filmsservice.go:184.28,186.17 2 1
github.com/go-park-mail-ru/2024_1_Netrunners/internal/service/filmsservice.go:186.17,189.4 2 0
github.com/go-park-mail-ru/2024_1_Netrunners/internal/service/filmsservice.go:192.2,192.12 1 1
github.com/go-park-mail-ru/2024_1_Netrunners/internal/service/sessionservice.go:25.98,30.2 1 1
github.com/go-park-mail-ru/2024_1_Netrunners/internal/service/sessionservice.go:32.105,34.16 2 1
github.com/go-park-mail-ru/2024_1_Netrunners/internal/service/sessionservice.go:34.16,37.3 2 0
github.com/go-park-mail-ru/2024_1_Netrunners/internal/service/sessionservice.go:38.2,38.12 1 1
github.com/go-park-mail-ru/2024_1_Netrunners/internal/service/sessionservice.go:41.100,43.16 2 1
github.com/go-park-mail-ru/2024_1_Netrunners/internal/service/sessionservice.go:43.16,47.3 2 0
github.com/go-park-mail-ru/2024_1_Netrunners/internal/service/sessionservice.go:48.2,48.12 1 1
github.com/go-park-mail-ru/2024_1_Netrunners/internal/service/sessionservice.go:51.93,53.16 2 1
github.com/go-park-mail-ru/2024_1_Netrunners/internal/service/sessionservice.go:53.16,56.3 2 0
github.com/go-park-mail-ru/2024_1_Netrunners/internal/service/sessionservice.go:57.2,57.12 1 1
github.com/go-park-mail-ru/2024_1_Netrunners/internal/service/sessionservice.go:61.51,63.16 2 1
github.com/go-park-mail-ru/2024_1_Netrunners/internal/service/sessionservice.go:63.16,66.3 2 0
github.com/go-park-mail-ru/2024_1_Netrunners/internal/service/sessionservice.go:67.2,67.24 1 1
github.com/go-park-mail-ru/2024_1_Netrunners/internal/service/sessionservice.go:70.112,72.16 2 1
github.com/go-park-mail-ru/2024_1_Netrunners/internal/service/sessionservice.go:72.16,75.3 2 0
github.com/go-park-mail-ru/2024_1_Netrunners/internal/service/sessionservice.go:76.2,76.21 1 1
github.com/go-park-mail-ru/2024_1_Netrunners/internal/service/sessionservice.go:79.97,81.16 2 1
github.com/go-park-mail-ru/2024_1_Netrunners/internal/service/sessionservice.go:81.16,84.3 2 0
github.com/go-park-mail-ru/2024_1_Netrunners/internal/service/sessionservice.go:85.2,85.12 1 1
github.com/go-park-mail-ru/2024_1_Netrunners/internal/service/sessionservice.go:88.99,90.16 2 1
github.com/go-park-mail-ru/2024_1_Netrunners/internal/service/sessionservice.go:90.16,94.3 2 0
github.com/go-park-mail-ru/2024_1_Netrunners/internal/service/sessionservice.go:95.2,95.12 1 1
